OpenROAD b16bda7e82721d10566ff7e2b68f1ff0be9f9e38 
Features included (+) or not (-): +Charts +GPU +GUI +Python
This program is licensed under the BSD-3 license. See the LICENSE file for details.
Components of this program may be licensed under more restrictive licenses which must be honored.
define_corners Typical
read_liberty -corner Typical /pdks/volare/sky130/versions/bdc9412b3e468c102d01b7cf6337be06ec6e9c9a/sky130A/libs.ref/sky130_fd_sc_hd/lib/sky130_fd_sc_hd__tt_025C_1v80.lib
Using 1e-12 for capacitance...
Using 1e+03 for resistance...
Using 1e-09 for time...
Using 1e+00 for voltage...
Using 1e-03 for current...
Using 1e-09 for power...
Using 1e-06 for distance...
[INFO]: Reading ODB at '/openlane/designs/astracore_soc/runs/fourth_run/tmp/20-cpu_axi_top.odb'…
Reading design constraints file at '/nix/store/n0wqr3jrpjlfdqdp3gnlpfhn2m0n0mkp-openlane1-1.1.1/bin/scripts/base.sdc'…
[INFO]: Setting output delay to: 2.0
[INFO]: Setting input delay to: 2.0
[INFO]: Setting load to: 0.033442
[INFO]: Setting clock uncertainty to: 0.25
[INFO]: Setting clock transition to: 0.15
[INFO]: Setting timing derate to: 5.0 %
[INFO]: Setting signal min routing layer to: met1 and clock min routing layer to met3. 
[INFO]: Setting signal max routing layer to: met5 and clock max routing layer to met5. 
-congestion_iterations 50 -verbose -congestion_report_file /openlane/designs/astracore_soc/runs/fourth_run/tmp/routing/groute-congestion.rpt
[INFO GRT-0020] Min routing layer: met1
[INFO GRT-0021] Max routing layer: met5
[INFO GRT-0022] Global adjustment: 30%
[INFO GRT-0023] Grid origin: (0, 0)
[INFO GRT-0043] No OR_DEFAULT vias defined.
[INFO GRT-0088] Layer li1     Track-Pitch = 0.4600  line-2-Via Pitch: 0.3400
[INFO GRT-0088] Layer met1    Track-Pitch = 0.3400  line-2-Via Pitch: 0.3400
[INFO GRT-0088] Layer met2    Track-Pitch = 0.4600  line-2-Via Pitch: 0.3500
[INFO GRT-0088] Layer met3    Track-Pitch = 0.6800  line-2-Via Pitch: 0.6150
[INFO GRT-0088] Layer met4    Track-Pitch = 0.9200  line-2-Via Pitch: 1.0400
[INFO GRT-0088] Layer met5    Track-Pitch = 3.4000  line-2-Via Pitch: 3.1100
[INFO GRT-0019] Found 6 clock nets.
[INFO GRT-0001] Minimum degree: 2
[INFO GRT-0002] Maximum degree: 13
[INFO GRT-0003] Macros: 0
[INFO GRT-0043] No OR_DEFAULT vias defined.
[INFO GRT-0004] Blockages: 546

[INFO GRT-0053] Routing resources analysis:
          Routing      Original      Derated      Resource
Layer     Direction    Resources     Resources    Reduction (%)
---------------------------------------------------------------
li1        Vertical            0             0          0.00%
met1       Horizontal     339170        167269          50.68%
met2       Vertical       254280        167871          33.98%
met3       Horizontal     169520        117105          30.92%
met4       Vertical       101920         64673          36.55%
met5       Horizontal      33800         16125          52.29%
---------------------------------------------------------------

[INFO GRT-0197] Via related to pin nodes: 1931
[INFO GRT-0198] Via related Steiner nodes: 30
[INFO GRT-0199] Via filling finished.
[INFO GRT-0111] Final number of vias: 2379
[INFO GRT-0112] Final usage 3D: 10050

[INFO GRT-0096] Final congestion report:
Layer         Resource        Demand        Usage (%)    Max H / Max V / Total Overflow
---------------------------------------------------------------------------------------
li1                  0             0            0.00%             0 /  0 /  0
met1            167269          1645            0.98%             0 /  0 /  0
met2            167871          1128            0.67%             0 /  0 /  0
met3            117105           132            0.11%             0 /  0 /  0
met4             64673             8            0.01%             0 /  0 /  0
met5             16125             0            0.00%             0 /  0 /  0
---------------------------------------------------------------------------------------
Total           533043          2913            0.55%             0 /  0 /  0

[INFO GRT-0018] Total wirelength: 26233 um
[INFO GRT-0014] Routed nets: 447
[INFO GRT-0006] Repairing antennas, iteration 1.
[INFO GRT-0043] No OR_DEFAULT vias defined.
[INFO GRT-0012] Found 12 antenna violations.
[INFO GRT-0015] Inserted 21 diodes.
[INFO GRT-0009] rerouting 326 nets.
[INFO GRT-0001] Minimum degree: 2
[INFO GRT-0002] Maximum degree: 13
[INFO GRT-0006] Repairing antennas, iteration 2.
[INFO GRT-0043] No OR_DEFAULT vias defined.
[INFO GRT-0012] Found 0 antenna violations.
Placement Analysis
---------------------------------
total displacement          0.0 u
average displacement        0.0 u
max displacement            0.0 u
original HPWL           20231.7 u
legalized HPWL          20240.1 u
delta HPWL                    0 %

[INFO DPL-0020] Mirrored 230 instances
[INFO DPL-0021] HPWL before           20240.1 u
[INFO DPL-0022] HPWL after            20003.1 u
[INFO DPL-0023] HPWL delta               -1.2 %
[INFO]: Setting signal min routing layer to: met1 and clock min routing layer to met3. 
[INFO]: Setting signal max routing layer to: met5 and clock max routing layer to met5. 
-congestion_iterations 50 -verbose -congestion_report_file /openlane/designs/astracore_soc/runs/fourth_run/tmp/routing/groute-congestion.rpt
[INFO GRT-0020] Min routing layer: met1
[INFO GRT-0021] Max routing layer: met5
[INFO GRT-0022] Global adjustment: 30%
[INFO GRT-0023] Grid origin: (0, 0)
[INFO GRT-0043] No OR_DEFAULT vias defined.
[INFO GRT-0088] Layer li1     Track-Pitch = 0.4600  line-2-Via Pitch: 0.3400
[INFO GRT-0088] Layer met1    Track-Pitch = 0.3400  line-2-Via Pitch: 0.3400
[INFO GRT-0088] Layer met2    Track-Pitch = 0.4600  line-2-Via Pitch: 0.3500
[INFO GRT-0088] Layer met3    Track-Pitch = 0.6800  line-2-Via Pitch: 0.6150
[INFO GRT-0088] Layer met4    Track-Pitch = 0.9200  line-2-Via Pitch: 1.0400
[INFO GRT-0088] Layer met5    Track-Pitch = 3.4000  line-2-Via Pitch: 3.1100
[INFO GRT-0019] Found 6 clock nets.
[INFO GRT-0001] Minimum degree: 2
[INFO GRT-0002] Maximum degree: 13
[INFO GRT-0003] Macros: 0
[INFO GRT-0043] No OR_DEFAULT vias defined.
[INFO GRT-0004] Blockages: 546

[INFO GRT-0053] Routing resources analysis:
          Routing      Original      Derated      Resource
Layer     Direction    Resources     Resources    Reduction (%)
---------------------------------------------------------------
li1        Vertical            0             0          0.00%
met1       Horizontal     339170        167270          50.68%
met2       Vertical       254280        167871          33.98%
met3       Horizontal     169520        117105          30.92%
met4       Vertical       101920         64673          36.55%
met5       Horizontal      33800         16125          52.29%
---------------------------------------------------------------

[INFO GRT-0197] Via related to pin nodes: 1939
[INFO GRT-0198] Via related Steiner nodes: 32
[INFO GRT-0199] Via filling finished.
[INFO GRT-0111] Final number of vias: 2387
[INFO GRT-0112] Final usage 3D: 10082

[INFO GRT-0096] Final congestion report:
Layer         Resource        Demand        Usage (%)    Max H / Max V / Total Overflow
---------------------------------------------------------------------------------------
li1                  0             0            0.00%             0 /  0 /  0
met1            167270          1649            0.99%             0 /  0 /  0
met2            167871          1133            0.67%             0 /  0 /  0
met3            117105           131            0.11%             0 /  0 /  0
met4             64673             8            0.01%             0 /  0 /  0
met5             16125             0            0.00%             0 /  0 /  0
---------------------------------------------------------------------------------------
Total           533044          2921            0.55%             0 /  0 /  0

[INFO GRT-0018] Total wirelength: 26364 um
[INFO GRT-0014] Routed nets: 447
Setting global connections for newly added cells…
Writing OpenROAD database to '/openlane/designs/astracore_soc/runs/fourth_run/tmp/routing/22-global.odb'…
Writing layout to '/openlane/designs/astracore_soc/runs/fourth_run/tmp/routing/22-global.def'…
Writing routing guides to '/openlane/designs/astracore_soc/runs/fourth_run/tmp/routing/22-global.guide'…
