
===========================================================================
 report_power
============================================================================
======================= Fastest Corner ===================================

Group                  Internal  Switching    Leakage      Total
                          Power      Power      Power      Power (Watts)
----------------------------------------------------------------
Sequential             1.84e-04   0.00e+00   3.15e-08   1.84e-04  45.7%
Combinational          3.22e-06   7.70e-06   2.49e-09   1.09e-05   2.7%
Clock                  1.32e-04   7.47e-05   3.88e-08   2.07e-04  51.5%
Macro                  0.00e+00   0.00e+00   0.00e+00   0.00e+00   0.0%
Pad                    0.00e+00   0.00e+00   0.00e+00   0.00e+00   0.0%
----------------------------------------------------------------
Total                  3.19e-04   8.24e-05   7.28e-08   4.02e-04 100.0%
                          79.5%      20.5%       0.0%

======================= Slowest Corner ===================================

Group                  Internal  Switching    Leakage      Total
                          Power      Power      Power      Power (Watts)
----------------------------------------------------------------
Sequential             1.21e-04   0.00e+00   7.69e-07   1.22e-04  44.5%
Combinational          2.18e-06   5.03e-06   1.11e-06   8.32e-06   3.0%
Clock                  9.48e-05   4.85e-05   1.63e-07   1.43e-04  52.4%
Macro                  0.00e+00   0.00e+00   0.00e+00   0.00e+00   0.0%
Pad                    0.00e+00   0.00e+00   0.00e+00   0.00e+00   0.0%
----------------------------------------------------------------
Total                  2.18e-04   5.36e-05   2.04e-06   2.74e-04 100.0%
                          79.7%      19.6%       0.7%

======================= Typical Corner ===================================

Group                  Internal  Switching    Leakage      Total
                          Power      Power      Power      Power (Watts)
----------------------------------------------------------------
Sequential             1.58e-04   0.00e+00   3.09e-08   1.58e-04  45.7%
Combinational          2.69e-06   6.56e-06   1.37e-09   9.26e-06   2.7%
Clock                  1.16e-04   6.25e-05   3.84e-08   1.78e-04  51.6%
Macro                  0.00e+00   0.00e+00   0.00e+00   0.00e+00   0.0%
Pad                    0.00e+00   0.00e+00   0.00e+00   0.00e+00   0.0%
----------------------------------------------------------------
Total                  2.76e-04   6.91e-05   7.07e-08   3.45e-04 100.0%
                          80.0%      20.0%       0.0%

