#! /opt/homebrew/Cellar/icarus-verilog/13.0/bin/vvp
:ivl_version "13.0 (stable)" "(v13_0)";
:ivl_delay_selection "TYPICAL";
:vpi_time_precision + 0;
:vpi_module "/opt/homebrew/Cellar/icarus-verilog/13.0/lib/ivl/system.vpi";
:vpi_module "/opt/homebrew/Cellar/icarus-verilog/13.0/lib/ivl/vhdl_sys.vpi";
:vpi_module "/opt/homebrew/Cellar/icarus-verilog/13.0/lib/ivl/vhdl_textio.vpi";
:vpi_module "/opt/homebrew/Cellar/icarus-verilog/13.0/lib/ivl/v2005_math.vpi";
:vpi_module "/opt/homebrew/Cellar/icarus-verilog/13.0/lib/ivl/va_math.vpi";
S_0x11d704080 .scope module, "uart_tx" "uart_tx" 2 1;
 .timescale 0 0;
    .port_info 0 /INPUT 1 "clk";
    .port_info 1 /INPUT 1 "reset";
    .port_info 2 /INPUT 8 "tx_data";
    .port_info 3 /INPUT 1 "tx_start";
    .port_info 4 /OUTPUT 1 "tx";
    .port_info 5 /OUTPUT 1 "busy";
P_0x6000011b0000 .param/l "DATA" 1 2 15, C4<10>;
P_0x6000011b0040 .param/l "IDLE" 1 2 13, C4<00>;
P_0x6000011b0080 .param/l "START" 1 2 14, C4<01>;
P_0x6000011b00c0 .param/l "STOP" 1 2 16, C4<11>;
v0x600001fb4000_0 .var "bit_cnt", 2 0;
v0x600001fb4090_0 .var "busy", 0 0;
o0x110008070 .functor BUFZ 1, c4<z>; HiZ drive
v0x600001fb4120_0 .net "clk", 0 0, o0x110008070;  0 drivers
o0x1100080a0 .functor BUFZ 1, c4<z>; HiZ drive
v0x600001fb41b0_0 .net "reset", 0 0, o0x1100080a0;  0 drivers
v0x600001fb4240_0 .var "shift_reg", 7 0;
v0x600001fb42d0_0 .var "state", 1 0;
v0x600001fb4360_0 .var "tx", 0 0;
o0x110008160 .functor BUFZ 8, c4<zzzzzzzz>; HiZ drive
v0x600001fb43f0_0 .net "tx_data", 7 0, o0x110008160;  0 drivers
o0x110008190 .functor BUFZ 1, c4<z>; HiZ drive
v0x600001fb4480_0 .net "tx_start", 0 0, o0x110008190;  0 drivers
E_0x6000038b0100 .event posedge, v0x600001fb41b0_0, v0x600001fb4120_0;
    .scope S_0x11d704080;
T_0 ;
    %wait E_0x6000038b0100;
    %load/vec4 v0x600001fb41b0_0;
    %flag_set/vec4 8;
    %jmp/0xz  T_0.0, 8;
    %pushi/vec4 0, 0, 2;
    %assign/vec4 v0x600001fb42d0_0, 0;
    %pushi/vec4 0, 0, 3;
    %assign/vec4 v0x600001fb4000_0, 0;
    %pushi/vec4 1, 0, 1;
    %assign/vec4 v0x600001fb4360_0, 0;
    %pushi/vec4 0, 0, 1;
    %assign/vec4 v0x600001fb4090_0, 0;
    %jmp T_0.1;
T_0.0 ;
    %load/vec4 v0x600001fb42d0_0;
    %dup/vec4;
    %pushi/vec4 0, 0, 2;
    %cmp/u;
    %jmp/1 T_0.2, 6;
    %dup/vec4;
    %pushi/vec4 1, 0, 2;
    %cmp/u;
    %jmp/1 T_0.3, 6;
    %dup/vec4;
    %pushi/vec4 2, 0, 2;
    %cmp/u;
    %jmp/1 T_0.4, 6;
    %dup/vec4;
    %pushi/vec4 3, 0, 2;
    %cmp/u;
    %jmp/1 T_0.5, 6;
    %jmp T_0.6;
T_0.2 ;
    %pushi/vec4 1, 0, 1;
    %assign/vec4 v0x600001fb4360_0, 0;
    %pushi/vec4 0, 0, 1;
    %assign/vec4 v0x600001fb4090_0, 0;
    %load/vec4 v0x600001fb4480_0;
    %flag_set/vec4 8;
    %jmp/0xz  T_0.7, 8;
    %load/vec4 v0x600001fb43f0_0;
    %assign/vec4 v0x600001fb4240_0, 0;
    %pushi/vec4 0, 0, 3;
    %assign/vec4 v0x600001fb4000_0, 0;
    %pushi/vec4 1, 0, 2;
    %assign/vec4 v0x600001fb42d0_0, 0;
    %pushi/vec4 1, 0, 1;
    %assign/vec4 v0x600001fb4090_0, 0;
T_0.7 ;
    %jmp T_0.6;
T_0.3 ;
    %pushi/vec4 0, 0, 1;
    %assign/vec4 v0x600001fb4360_0, 0;
    %pushi/vec4 2, 0, 2;
    %assign/vec4 v0x600001fb42d0_0, 0;
    %jmp T_0.6;
T_0.4 ;
    %load/vec4 v0x600001fb4240_0;
    %parti/s 1, 0, 2;
    %assign/vec4 v0x600001fb4360_0, 0;
    %load/vec4 v0x600001fb4240_0;
    %ix/load 4, 1, 0;
    %flag_set/imm 4, 0;
    %shiftr 4;
    %assign/vec4 v0x600001fb4240_0, 0;
    %load/vec4 v0x600001fb4000_0;
    %cmpi/e 7, 0, 3;
    %jmp/0xz  T_0.9, 4;
    %pushi/vec4 3, 0, 2;
    %assign/vec4 v0x600001fb42d0_0, 0;
    %jmp T_0.10;
T_0.9 ;
    %load/vec4 v0x600001fb4000_0;
    %addi 1, 0, 3;
    %assign/vec4 v0x600001fb4000_0, 0;
T_0.10 ;
    %jmp T_0.6;
T_0.5 ;
    %pushi/vec4 1, 0, 1;
    %assign/vec4 v0x600001fb4360_0, 0;
    %pushi/vec4 0, 0, 2;
    %assign/vec4 v0x600001fb42d0_0, 0;
    %jmp T_0.6;
T_0.6 ;
    %pop/vec4 1;
T_0.1 ;
    %jmp T_0;
    .thread T_0;
# The file index is used to find the file name in the following table.
:file_names 3;
    "N/A";
    "<interactive>";
    "BUS/rtl/slave/uart_tx.v";
