
===========================================================================
report_checks -unconstrained
===========================================================================
======================= Fastest Corner ===================================

Startpoint: reset (input port clocked by clk)
Endpoint: _446_ (recovery check against rising-edge clock clk)
Path Group: asynchronous
Path Type: max
Corner: Fastest

Fanout     Cap    Slew   Delay    Time   Description
-----------------------------------------------------------------------------
                          0.00    0.00   clock clk (rise edge)
                          0.00    0.00   clock network delay (propagated)
                          2.00    2.00 v input external delay
    12    0.07    0.11    0.09    2.09 v reset (in)
                                         reset (net)
                  0.11    0.00    2.09 v _396_/A (sky130_fd_sc_hd__buf_2)
     6    0.03    0.06    0.15    2.24 v _396_/X (sky130_fd_sc_hd__buf_2)
                                         _214_ (net)
                  0.06    0.00    2.24 v _397_/A (sky130_fd_sc_hd__buf_2)
     6    0.04    0.06    0.13    2.38 v _397_/X (sky130_fd_sc_hd__buf_2)
                                         _215_ (net)
                  0.06    0.00    2.38 v _402_/A (sky130_fd_sc_hd__inv_2)
     1    0.00    0.03    0.04    2.43 ^ _402_/Y (sky130_fd_sc_hd__inv_2)
                                         _004_ (net)
                  0.03    0.00    2.43 ^ _446_/RESET_B (sky130_fd_sc_hd__dfrtp_4)
                                  2.43   data arrival time

                         10.00   10.00   clock clk (rise edge)
                          0.00   10.00   clock source latency
     1    0.06    0.19    0.13   10.13 ^ clk (in)
                                         clk (net)
                  0.19    0.00   10.13 ^ clkbuf_0_clk/A (sky130_fd_sc_hd__clkbuf_16)
     4    0.05    0.05    0.13   10.26 ^ clkbuf_0_clk/X (sky130_fd_sc_hd__clkbuf_16)
                                         clknet_0_clk (net)
                  0.05    0.00   10.26 ^ clkbuf_2_2__f_clk/A (sky130_fd_sc_hd__clkbuf_16)
    10    0.04    0.05    0.10   10.36 ^ clkbuf_2_2__f_clk/X (sky130_fd_sc_hd__clkbuf_16)
                                         clknet_2_2__leaf_clk (net)
                  0.05    0.00   10.36 ^ _446_/CLK (sky130_fd_sc_hd__dfrtp_4)
                         -0.25   10.11   clock uncertainty
                          0.00   10.11   clock reconvergence pessimism
                          0.14   10.24   library recovery time
                                 10.24   data required time
-----------------------------------------------------------------------------
                                 10.24   data required time
                                 -2.43   data arrival time
-----------------------------------------------------------------------------
                                  7.82   slack (MET)


Startpoint: _452_ (rising edge-triggered flip-flop clocked by clk)
Endpoint: debug_pc[12] (output port clocked by clk)
Path Group: clk
Path Type: max
Corner: Fastest

Fanout     Cap    Slew   Delay    Time   Description
-----------------------------------------------------------------------------
                          0.00    0.00   clock clk (rise edge)
                          0.00    0.00   clock source latency
     1    0.06    0.19    0.14    0.14 ^ clk (in)
                                         clk (net)
                  0.19    0.00    0.14 ^ clkbuf_0_clk/A (sky130_fd_sc_hd__clkbuf_16)
     4    0.05    0.05    0.14    0.28 ^ clkbuf_0_clk/X (sky130_fd_sc_hd__clkbuf_16)
                                         clknet_0_clk (net)
                  0.05    0.00    0.29 ^ clkbuf_2_3__f_clk/A (sky130_fd_sc_hd__clkbuf_16)
    11    0.04    0.05    0.11    0.40 ^ clkbuf_2_3__f_clk/X (sky130_fd_sc_hd__clkbuf_16)
                                         clknet_2_3__leaf_clk (net)
                  0.05    0.00    0.40 ^ _452_/CLK (sky130_fd_sc_hd__dfrtp_4)
     7    0.10    0.21    0.40    0.80 ^ _452_/Q (sky130_fd_sc_hd__dfrtp_4)
                                         net3 (net)
                  0.22    0.03    0.83 ^ output3/A (sky130_fd_sc_hd__buf_2)
     1    0.03    0.13    0.18    1.01 ^ output3/X (sky130_fd_sc_hd__buf_2)
                                         debug_pc[12] (net)
                  0.13    0.00    1.01 ^ debug_pc[12] (out)
                                  1.01   data arrival time

                         10.00   10.00   clock clk (rise edge)
                          0.00   10.00   clock network delay (propagated)
                         -0.25    9.75   clock uncertainty
                          0.00    9.75   clock reconvergence pessimism
                         -2.00    7.75   output external delay
                                  7.75   data required time
-----------------------------------------------------------------------------
                                  7.75   data required time
                                 -1.01   data arrival time
-----------------------------------------------------------------------------
                                  6.74   slack (MET)



======================= Slowest Corner ===================================

Startpoint: reset (input port clocked by clk)
Endpoint: _446_ (recovery check against rising-edge clock clk)
Path Group: asynchronous
Path Type: max
Corner: Slowest

Fanout     Cap    Slew   Delay    Time   Description
-----------------------------------------------------------------------------
                          0.00    0.00   clock clk (rise edge)
                          0.00    0.00   clock network delay (propagated)
                          2.00    2.00 v input external delay
    12    0.08    0.32    0.24    2.24 v reset (in)
                                         reset (net)
                  0.32    0.00    2.24 v _396_/A (sky130_fd_sc_hd__buf_2)
     6    0.03    0.15    0.48    2.72 v _396_/X (sky130_fd_sc_hd__buf_2)
                                         _214_ (net)
                  0.15    0.00    2.72 v _397_/A (sky130_fd_sc_hd__buf_2)
     6    0.04    0.17    0.41    3.13 v _397_/X (sky130_fd_sc_hd__buf_2)
                                         _215_ (net)
                  0.17    0.00    3.13 v _402_/A (sky130_fd_sc_hd__inv_2)
     1    0.00    0.06    0.11    3.24 ^ _402_/Y (sky130_fd_sc_hd__inv_2)
                                         _004_ (net)
                  0.06    0.00    3.24 ^ _446_/RESET_B (sky130_fd_sc_hd__dfrtp_4)
                                  3.24   data arrival time

                         10.00   10.00   clock clk (rise edge)
                          0.00   10.00   clock source latency
     1    0.06    0.41    0.27   10.27 ^ clk (in)
                                         clk (net)
                  0.41    0.00   10.27 ^ clkbuf_0_clk/A (sky130_fd_sc_hd__clkbuf_16)
     4    0.05    0.11    0.38   10.65 ^ clkbuf_0_clk/X (sky130_fd_sc_hd__clkbuf_16)
                                         clknet_0_clk (net)
                  0.11    0.00   10.66 ^ clkbuf_2_2__f_clk/A (sky130_fd_sc_hd__clkbuf_16)
    10    0.04    0.09    0.25   10.91 ^ clkbuf_2_2__f_clk/X (sky130_fd_sc_hd__clkbuf_16)
                                         clknet_2_2__leaf_clk (net)
                  0.09    0.00   10.91 ^ _446_/CLK (sky130_fd_sc_hd__dfrtp_4)
                         -0.25   10.66   clock uncertainty
                          0.00   10.66   clock reconvergence pessimism
                          0.46   11.12   library recovery time
                                 11.12   data required time
-----------------------------------------------------------------------------
                                 11.12   data required time
                                 -3.24   data arrival time
-----------------------------------------------------------------------------
                                  7.87   slack (MET)


Startpoint: _452_ (rising edge-triggered flip-flop clocked by clk)
Endpoint: debug_pc[12] (output port clocked by clk)
Path Group: clk
Path Type: max
Corner: Slowest

Fanout     Cap    Slew   Delay    Time   Description
-----------------------------------------------------------------------------
                          0.00    0.00   clock clk (rise edge)
                          0.00    0.00   clock source latency
     1    0.06    0.41    0.30    0.30 ^ clk (in)
                                         clk (net)
                  0.41    0.00    0.30 ^ clkbuf_0_clk/A (sky130_fd_sc_hd__clkbuf_16)
     4    0.05    0.11    0.42    0.72 ^ clkbuf_0_clk/X (sky130_fd_sc_hd__clkbuf_16)
                                         clknet_0_clk (net)
                  0.11    0.00    0.73 ^ clkbuf_2_3__f_clk/A (sky130_fd_sc_hd__clkbuf_16)
    11    0.04    0.10    0.28    1.01 ^ clkbuf_2_3__f_clk/X (sky130_fd_sc_hd__clkbuf_16)
                                         clknet_2_3__leaf_clk (net)
                  0.10    0.00    1.01 ^ _452_/CLK (sky130_fd_sc_hd__dfrtp_4)
     7    0.10    0.31    1.31    2.32 v _452_/Q (sky130_fd_sc_hd__dfrtp_4)
                                         net3 (net)
                  0.32    0.03    2.35 v output3/A (sky130_fd_sc_hd__buf_2)
     1    0.03    0.17    0.48    2.84 v output3/X (sky130_fd_sc_hd__buf_2)
                                         debug_pc[12] (net)
                  0.17    0.00    2.84 v debug_pc[12] (out)
                                  2.84   data arrival time

                         10.00   10.00   clock clk (rise edge)
                          0.00   10.00   clock network delay (propagated)
                         -0.25    9.75   clock uncertainty
                          0.00    9.75   clock reconvergence pessimism
                         -2.00    7.75   output external delay
                                  7.75   data required time
-----------------------------------------------------------------------------
                                  7.75   data required time
                                 -2.84   data arrival time
-----------------------------------------------------------------------------
                                  4.91   slack (MET)



======================= Typical Corner ===================================

Startpoint: reset (input port clocked by clk)
Endpoint: _446_ (recovery check against rising-edge clock clk)
Path Group: asynchronous
Path Type: max
Corner: Typical

Fanout     Cap    Slew   Delay    Time   Description
-----------------------------------------------------------------------------
                          0.00    0.00   clock clk (rise edge)
                          0.00    0.00   clock network delay (propagated)
                          2.00    2.00 v input external delay
    12    0.07    0.16    0.13    2.13 v reset (in)
                                         reset (net)
                  0.16    0.00    2.13 v _396_/A (sky130_fd_sc_hd__buf_2)
     6    0.03    0.08    0.24    2.37 v _396_/X (sky130_fd_sc_hd__buf_2)
                                         _214_ (net)
                  0.08    0.00    2.37 v _397_/A (sky130_fd_sc_hd__buf_2)
     6    0.03    0.09    0.21    2.58 v _397_/X (sky130_fd_sc_hd__buf_2)
                                         _215_ (net)
                  0.09    0.00    2.58 v _402_/A (sky130_fd_sc_hd__inv_2)
     1    0.00    0.04    0.06    2.64 ^ _402_/Y (sky130_fd_sc_hd__inv_2)
                                         _004_ (net)
                  0.04    0.00    2.64 ^ _446_/RESET_B (sky130_fd_sc_hd__dfrtp_4)
                                  2.64   data arrival time

                         10.00   10.00   clock clk (rise edge)
                          0.00   10.00   clock source latency
     1    0.06    0.26    0.17   10.17 ^ clk (in)
                                         clk (net)
                  0.26    0.00   10.17 ^ clkbuf_0_clk/A (sky130_fd_sc_hd__clkbuf_16)
     4    0.05    0.07    0.21   10.38 ^ clkbuf_0_clk/X (sky130_fd_sc_hd__clkbuf_16)
                                         clknet_0_clk (net)
                  0.07    0.00   10.38 ^ clkbuf_2_2__f_clk/A (sky130_fd_sc_hd__clkbuf_16)
    10    0.04    0.06    0.14   10.52 ^ clkbuf_2_2__f_clk/X (sky130_fd_sc_hd__clkbuf_16)
                                         clknet_2_2__leaf_clk (net)
                  0.06    0.00   10.52 ^ _446_/CLK (sky130_fd_sc_hd__dfrtp_4)
                         -0.25   10.27   clock uncertainty
                          0.00   10.27   clock reconvergence pessimism
                          0.22   10.50   library recovery time
                                 10.50   data required time
-----------------------------------------------------------------------------
                                 10.50   data required time
                                 -2.64   data arrival time
-----------------------------------------------------------------------------
                                  7.86   slack (MET)


Startpoint: _452_ (rising edge-triggered flip-flop clocked by clk)
Endpoint: debug_pc[12] (output port clocked by clk)
Path Group: clk
Path Type: max
Corner: Typical

Fanout     Cap    Slew   Delay    Time   Description
-----------------------------------------------------------------------------
                          0.00    0.00   clock clk (rise edge)
                          0.00    0.00   clock source latency
     1    0.06    0.26    0.19    0.19 ^ clk (in)
                                         clk (net)
                  0.26    0.00    0.19 ^ clkbuf_0_clk/A (sky130_fd_sc_hd__clkbuf_16)
     4    0.05    0.07    0.23    0.42 ^ clkbuf_0_clk/X (sky130_fd_sc_hd__clkbuf_16)
                                         clknet_0_clk (net)
                  0.07    0.00    0.42 ^ clkbuf_2_3__f_clk/A (sky130_fd_sc_hd__clkbuf_16)
    11    0.04    0.06    0.16    0.58 ^ clkbuf_2_3__f_clk/X (sky130_fd_sc_hd__clkbuf_16)
                                         clknet_2_3__leaf_clk (net)
                  0.06    0.00    0.58 ^ _452_/CLK (sky130_fd_sc_hd__dfrtp_4)
     7    0.10    0.29    0.61    1.20 ^ _452_/Q (sky130_fd_sc_hd__dfrtp_4)
                                         net3 (net)
                  0.29    0.03    1.23 ^ output3/A (sky130_fd_sc_hd__buf_2)
     1    0.03    0.17    0.28    1.51 ^ output3/X (sky130_fd_sc_hd__buf_2)
                                         debug_pc[12] (net)
                  0.17    0.00    1.51 ^ debug_pc[12] (out)
                                  1.51   data arrival time

                         10.00   10.00   clock clk (rise edge)
                          0.00   10.00   clock network delay (propagated)
                         -0.25    9.75   clock uncertainty
                          0.00    9.75   clock reconvergence pessimism
                         -2.00    7.75   output external delay
                                  7.75   data required time
-----------------------------------------------------------------------------
                                  7.75   data required time
                                 -1.51   data arrival time
-----------------------------------------------------------------------------
                                  6.24   slack (MET)




===========================================================================
report_checks --slack_max -0.01
============================================================================
======================= Fastest Corner ===================================

No paths found.

======================= Slowest Corner ===================================

No paths found.

======================= Typical Corner ===================================

No paths found.


===========================================================================
 report_check_types -max_slew -max_cap -max_fanout -violators
============================================================================
======================= Fastest Corner ===================================

max fanout

Pin                                   Limit Fanout  Slack
---------------------------------------------------------
reset                                     6     12     -6 (VIOLATED)
clkbuf_2_0__f_clk/X                       6     12     -6 (VIOLATED)
clkbuf_2_3__f_clk/X                       6     11     -5 (VIOLATED)
clkbuf_2_2__f_clk/X                       6     10     -4 (VIOLATED)
clkbuf_2_1__f_clk/X                       6      9     -3 (VIOLATED)
_452_/Q                                   6      7        (VIOLATED)
_466_/Q                                   6      7        (VIOLATED)


max slew violations count Fastest: 0
max fanout violations count Fastest: 7
max cap violations count Fastest: 0
======================= Slowest Corner ===================================

max slew

Pin                                    Limit    Slew   Slack
------------------------------------------------------------
_285_/Y                                 0.75    0.89   -0.14 (VIOLATED)
_286_/A                                 0.75    0.89   -0.14 (VIOLATED)
max_cap32/A                             0.75    0.89   -0.14 (VIOLATED)

max fanout

Pin                                   Limit Fanout  Slack
---------------------------------------------------------
reset                                     6     12     -6 (VIOLATED)
clkbuf_2_0__f_clk/X                       6     12     -6 (VIOLATED)
clkbuf_2_3__f_clk/X                       6     11     -5 (VIOLATED)
clkbuf_2_2__f_clk/X                       6     10     -4 (VIOLATED)
clkbuf_2_1__f_clk/X                       6      9     -3 (VIOLATED)
_452_/Q                                   6      7        (VIOLATED)
_466_/Q                                   6      7        (VIOLATED)


max slew violations count Slowest: 3
max fanout violations count Slowest: 7
max cap violations count Slowest: 0
======================= Typical Corner ===================================

max fanout

Pin                                   Limit Fanout  Slack
---------------------------------------------------------
reset                                     6     12     -6 (VIOLATED)
clkbuf_2_0__f_clk/X                       6     12     -6 (VIOLATED)
clkbuf_2_3__f_clk/X                       6     11     -5 (VIOLATED)
clkbuf_2_2__f_clk/X                       6     10     -4 (VIOLATED)
clkbuf_2_1__f_clk/X                       6      9     -3 (VIOLATED)
_452_/Q                                   6      7        (VIOLATED)
_466_/Q                                   6      7        (VIOLATED)


max slew violations count Typical: 0
max fanout violations count Typical: 7
max cap violations count Typical: 0

===========================================================================
report_parasitic_annotation -report_unannotated
============================================================================
Found 133 unannotated drivers.
 clkload0/Y
 clkload1/Y
 clkload2/Y
 cpu_axi_top_100/HI
 cpu_axi_top_101/HI
 cpu_axi_top_102/HI
 cpu_axi_top_103/HI
 cpu_axi_top_104/HI
 cpu_axi_top_105/HI
 cpu_axi_top_106/HI
 cpu_axi_top_107/HI
 cpu_axi_top_108/HI
 cpu_axi_top_109/HI
 cpu_axi_top_110/HI
 cpu_axi_top_111/HI
 cpu_axi_top_112/HI
 cpu_axi_top_113/HI
 cpu_axi_top_114/HI
 cpu_axi_top_115/HI
 cpu_axi_top_116/HI
 cpu_axi_top_117/HI
 cpu_axi_top_118/HI
 cpu_axi_top_119/HI
 cpu_axi_top_120/HI
 cpu_axi_top_121/HI
 cpu_axi_top_122/HI
 cpu_axi_top_123/HI
 cpu_axi_top_124/HI
 cpu_axi_top_125/HI
 cpu_axi_top_126/HI
 cpu_axi_top_127/HI
 cpu_axi_top_128/HI
 cpu_axi_top_129/HI
 cpu_axi_top_130/HI
 cpu_axi_top_131/HI
 cpu_axi_top_132/HI
 cpu_axi_top_133/HI
 cpu_axi_top_134/HI
 cpu_axi_top_135/HI
 cpu_axi_top_136/HI
 cpu_axi_top_137/HI
 cpu_axi_top_138/HI
 cpu_axi_top_139/HI
 cpu_axi_top_140/HI
 cpu_axi_top_141/HI
 cpu_axi_top_142/HI
 cpu_axi_top_143/HI
 cpu_axi_top_144/HI
 cpu_axi_top_145/HI
 cpu_axi_top_146/HI
 cpu_axi_top_147/HI
 cpu_axi_top_148/HI
 cpu_axi_top_149/HI
 cpu_axi_top_150/HI
 cpu_axi_top_151/HI
 cpu_axi_top_152/HI
 cpu_axi_top_153/HI
 cpu_axi_top_154/HI
 cpu_axi_top_155/HI
 cpu_axi_top_156/HI
 cpu_axi_top_157/HI
 cpu_axi_top_158/HI
 cpu_axi_top_159/HI
 cpu_axi_top_160/HI
 cpu_axi_top_161/HI
 cpu_axi_top_162/HI
 cpu_axi_top_163/HI
 cpu_axi_top_164/HI
 cpu_axi_top_165/LO
 cpu_axi_top_166/LO
 cpu_axi_top_167/LO
 cpu_axi_top_38/HI
 cpu_axi_top_39/HI
 cpu_axi_top_40/HI
 cpu_axi_top_41/HI
 cpu_axi_top_42/HI
 cpu_axi_top_43/HI
 cpu_axi_top_44/HI
 cpu_axi_top_45/HI
 cpu_axi_top_46/HI
 cpu_axi_top_47/HI
 cpu_axi_top_48/HI
 cpu_axi_top_49/HI
 cpu_axi_top_50/HI
 cpu_axi_top_51/HI
 cpu_axi_top_52/HI
 cpu_axi_top_53/HI
 cpu_axi_top_54/HI
 cpu_axi_top_55/HI
 cpu_axi_top_56/HI
 cpu_axi_top_57/HI
 cpu_axi_top_58/HI
 cpu_axi_top_59/HI
 cpu_axi_top_60/HI
 cpu_axi_top_61/HI
 cpu_axi_top_62/HI
 cpu_axi_top_63/HI
 cpu_axi_top_64/HI
 cpu_axi_top_65/HI
 cpu_axi_top_66/HI
 cpu_axi_top_67/HI
 cpu_axi_top_68/HI
 cpu_axi_top_69/HI
 cpu_axi_top_70/HI
 cpu_axi_top_71/HI
 cpu_axi_top_72/HI
 cpu_axi_top_73/HI
 cpu_axi_top_74/HI
 cpu_axi_top_75/HI
 cpu_axi_top_76/HI
 cpu_axi_top_77/HI
 cpu_axi_top_78/HI
 cpu_axi_top_79/HI
 cpu_axi_top_80/HI
 cpu_axi_top_81/HI
 cpu_axi_top_82/HI
 cpu_axi_top_83/HI
 cpu_axi_top_84/HI
 cpu_axi_top_85/HI
 cpu_axi_top_86/HI
 cpu_axi_top_87/HI
 cpu_axi_top_88/HI
 cpu_axi_top_89/HI
 cpu_axi_top_90/HI
 cpu_axi_top_91/HI
 cpu_axi_top_92/HI
 cpu_axi_top_93/HI
 cpu_axi_top_94/HI
 cpu_axi_top_95/HI
 cpu_axi_top_96/HI
 cpu_axi_top_97/HI
 cpu_axi_top_98/HI
 cpu_axi_top_99/HI
Found 0 partially unannotated drivers.

===========================================================================
max slew violation count 3
max fanout violation count 7
max cap violation count 0
============================================================================

===========================================================================
check_setup -verbose -unconstrained_endpoints -multiple_clock -no_clock -no_input_delay -loops -generated_clocks
===========================================================================
Warning: There are 130 unconstrained endpoints.
  debug_alu_result[0]
  debug_alu_result[10]
  debug_alu_result[11]
  debug_alu_result[12]
  debug_alu_result[13]
  debug_alu_result[14]
  debug_alu_result[15]
  debug_alu_result[16]
  debug_alu_result[17]
  debug_alu_result[18]
  debug_alu_result[19]
  debug_alu_result[1]
  debug_alu_result[20]
  debug_alu_result[21]
  debug_alu_result[22]
  debug_alu_result[23]
  debug_alu_result[24]
  debug_alu_result[25]
  debug_alu_result[26]
  debug_alu_result[27]
  debug_alu_result[28]
  debug_alu_result[29]
  debug_alu_result[2]
  debug_alu_result[30]
  debug_alu_result[31]
  debug_alu_result[3]
  debug_alu_result[4]
  debug_alu_result[5]
  debug_alu_result[6]
  debug_alu_result[7]
  debug_alu_result[8]
  debug_alu_result[9]
  debug_instr[0]
  debug_instr[10]
  debug_instr[11]
  debug_instr[12]
  debug_instr[13]
  debug_instr[14]
  debug_instr[15]
  debug_instr[16]
  debug_instr[17]
  debug_instr[18]
  debug_instr[19]
  debug_instr[1]
  debug_instr[20]
  debug_instr[21]
  debug_instr[22]
  debug_instr[23]
  debug_instr[24]
  debug_instr[25]
  debug_instr[26]
  debug_instr[27]
  debug_instr[28]
  debug_instr[29]
  debug_instr[2]
  debug_instr[30]
  debug_instr[31]
  debug_instr[3]
  debug_instr[4]
  debug_instr[5]
  debug_instr[6]
  debug_instr[7]
  debug_instr[8]
  debug_instr[9]
  debug_mem[0]
  debug_mem[10]
  debug_mem[11]
  debug_mem[12]
  debug_mem[13]
  debug_mem[14]
  debug_mem[15]
  debug_mem[16]
  debug_mem[17]
  debug_mem[18]
  debug_mem[19]
  debug_mem[1]
  debug_mem[20]
  debug_mem[21]
  debug_mem[22]
  debug_mem[23]
  debug_mem[24]
  debug_mem[25]
  debug_mem[26]
  debug_mem[27]
  debug_mem[28]
  debug_mem[29]
  debug_mem[2]
  debug_mem[30]
  debug_mem[31]
  debug_mem[3]
  debug_mem[4]
  debug_mem[5]
  debug_mem[6]
  debug_mem[7]
  debug_mem[8]
  debug_mem[9]
  debug_pc[0]
  debug_pc[1]
  debug_wb[0]
  debug_wb[10]
  debug_wb[11]
  debug_wb[12]
  debug_wb[13]
  debug_wb[14]
  debug_wb[15]
  debug_wb[16]
  debug_wb[17]
  debug_wb[18]
  debug_wb[19]
  debug_wb[1]
  debug_wb[20]
  debug_wb[21]
  debug_wb[22]
  debug_wb[23]
  debug_wb[24]
  debug_wb[25]
  debug_wb[26]
  debug_wb[27]
  debug_wb[28]
  debug_wb[29]
  debug_wb[2]
  debug_wb[30]
  debug_wb[31]
  debug_wb[3]
  debug_wb[4]
  debug_wb[5]
  debug_wb[6]
  debug_wb[7]
  debug_wb[8]
  debug_wb[9]
