
===========================================================================
 report_power
============================================================================
======================= Fastest Corner ===================================

Group                  Internal  Switching    Leakage      Total
                          Power      Power      Power      Power (Watts)
----------------------------------------------------------------
Sequential             1.84e-04   0.00e+00   3.15e-08   1.84e-04  45.1%
Combinational          3.25e-06   8.01e-06   2.49e-09   1.13e-05   2.8%
Clock                  1.32e-04   7.98e-05   3.88e-08   2.12e-04  52.1%
Macro                  0.00e+00   0.00e+00   0.00e+00   0.00e+00   0.0%
Pad                    0.00e+00   0.00e+00   0.00e+00   0.00e+00   0.0%
----------------------------------------------------------------
Total                  3.19e-04   8.78e-05   7.28e-08   4.07e-04 100.0%
                          78.4%      21.6%       0.0%

======================= Slowest Corner ===================================

Group                  Internal  Switching    Leakage      Total
                          Power      Power      Power      Power (Watts)
----------------------------------------------------------------
Sequential             1.21e-04   0.00e+00   7.69e-07   1.22e-04  43.9%
Combinational          2.17e-06   5.24e-06   1.11e-06   8.52e-06   3.1%
Clock                  9.50e-05   5.20e-05   1.63e-07   1.47e-04  53.1%
Macro                  0.00e+00   0.00e+00   0.00e+00   0.00e+00   0.0%
Pad                    0.00e+00   0.00e+00   0.00e+00   0.00e+00   0.0%
----------------------------------------------------------------
Total                  2.18e-04   5.72e-05   2.04e-06   2.77e-04 100.0%
                          78.6%      20.6%       0.7%

======================= Typical Corner ===================================

Group                  Internal  Switching    Leakage      Total
                          Power      Power      Power      Power (Watts)
----------------------------------------------------------------
Sequential             1.58e-04   0.00e+00   3.09e-08   1.58e-04  45.1%
Combinational          2.70e-06   6.83e-06   1.37e-09   9.52e-06   2.7%
Clock                  1.16e-04   6.68e-05   3.84e-08   1.83e-04  52.2%
Macro                  0.00e+00   0.00e+00   0.00e+00   0.00e+00   0.0%
Pad                    0.00e+00   0.00e+00   0.00e+00   0.00e+00   0.0%
----------------------------------------------------------------
Total                  2.76e-04   7.37e-05   7.07e-08   3.50e-04 100.0%
                          78.9%      21.1%       0.0%

