OpenROAD b16bda7e82721d10566ff7e2b68f1ff0be9f9e38 
Features included (+) or not (-): +Charts +GPU +GUI +Python
This program is licensed under the BSD-3 license. See the LICENSE file for details.
Components of this program may be licensed under more restrictive licenses which must be honored.
define_corners Typical
read_liberty -corner Typical /pdks/volare/sky130/versions/bdc9412b3e468c102d01b7cf6337be06ec6e9c9a/sky130A/libs.ref/sky130_fd_sc_hd/lib/sky130_fd_sc_hd__tt_025C_1v80.lib
Using 1e-12 for capacitance...
Using 1e+03 for resistance...
Using 1e-09 for time...
Using 1e+00 for voltage...
Using 1e-03 for current...
Using 1e-09 for power...
Using 1e-06 for distance...
[INFO]: Reading ODB at '/openlane/designs/astracore_soc/runs/fourth_run/tmp/placement/9-io.odb'…
Reading design constraints file at '/nix/store/n0wqr3jrpjlfdqdp3gnlpfhn2m0n0mkp-openlane1-1.1.1/bin/scripts/base.sdc'…
[INFO]: Setting output delay to: 2.0
[INFO]: Setting input delay to: 2.0
[INFO]: Setting load to: 0.033442
[INFO]: Setting clock uncertainty to: 0.25
[INFO]: Setting clock transition to: 0.15
[INFO]: Setting timing derate to: 5.0 %
[INFO]: Setting RC values...
[INFO]: Setting signal min routing layer to: met1 and clock min routing layer to met3. 
[INFO]: Setting signal max routing layer to: met5 and clock max routing layer to met5. 
[WARNING GPL-0150] -skip_io will disable timing driven mode.
[WARNING GPL-0151] -skip_io will disable routability driven mode.
[INFO GPL-0002] DBU: 1000
[INFO GPL-0003] SiteSize: (  0.460  2.720 ) um
[INFO GPL-0004] CoreBBox: (  5.520 10.880 ) ( 894.240 886.720 ) um
[INFO GPL-0006] NumInstances:             12050
[INFO GPL-0007] NumPlaceInstances:          390
[INFO GPL-0008] NumFixedInstances:        11660
[INFO GPL-0009] NumDummyInstances:            0
[INFO GPL-0010] NumNets:                    392
[INFO GPL-0011] NumPins:                   1052
[INFO GPL-0012] DieBBox:  (  0.000  0.000 ) ( 900.000 900.000 ) um
[INFO GPL-0013] CoreBBox: (  5.520 10.880 ) ( 894.240 886.720 ) um
[INFO GPL-0016] CoreArea:            778376.525 um^2
[INFO GPL-0017] NonPlaceInstsArea:    16200.538 um^2
[INFO GPL-0018] PlaceInstsArea:        3270.637 um^2
[INFO GPL-0019] Util:                     0.429 %
[INFO GPL-0020] StdInstsArea:          3270.637 um^2
[INFO GPL-0021] MacroInstsArea:           0.000 um^2
[INFO GPL-0031] FillerInit:NumGCells:     39990
[INFO GPL-0032] FillerInit:NumGNets:        392
[INFO GPL-0033] FillerInit:NumGPins:       1052
[INFO GPL-0023] TargetDensity:            0.400
[INFO GPL-0024] AvrgPlaceInstArea:        8.386 um^2
[INFO GPL-0025] IdealBinArea:            20.966 um^2
[INFO GPL-0026] IdealBinCnt:              37126
[INFO GPL-0027] TotalBinArea:        778376.525 um^2
[INFO GPL-0028] BinCnt:       128    128
[INFO GPL-0029] BinSize: (  6.944  6.843 )
[INFO GPL-0030] NumBins: 16384
[NesterovSolve] Iter:    1 overflow: 0.977 HPWL: 811552
[NesterovSolve] Iter:   10 overflow: 0.977 HPWL: 611526
[NesterovSolve] Iter:   20 overflow: 0.973 HPWL: 610811
[NesterovSolve] Iter:   30 overflow: 0.972 HPWL: 610652
[NesterovSolve] Iter:   40 overflow: 0.973 HPWL: 610352
[NesterovSolve] Iter:   50 overflow: 0.973 HPWL: 610238
[NesterovSolve] Iter:   60 overflow: 0.973 HPWL: 610354
[NesterovSolve] Iter:   70 overflow: 0.973 HPWL: 610464
[NesterovSolve] Iter:   80 overflow: 0.973 HPWL: 610288
[NesterovSolve] Iter:   90 overflow: 0.973 HPWL: 610158
[NesterovSolve] Iter:  100 overflow: 0.973 HPWL: 610123
[NesterovSolve] Iter:  110 overflow: 0.973 HPWL: 610013
[NesterovSolve] Iter:  120 overflow: 0.973 HPWL: 610396
[NesterovSolve] Iter:  130 overflow: 0.973 HPWL: 612140
[NesterovSolve] Iter:  140 overflow: 0.973 HPWL: 615037
[NesterovSolve] Iter:  150 overflow: 0.971 HPWL: 623034
[NesterovSolve] Iter:  160 overflow: 0.959 HPWL: 636069
[NesterovSolve] Iter:  170 overflow: 0.929 HPWL: 650593
[NesterovSolve] Iter:  180 overflow: 0.882 HPWL: 669008
[NesterovSolve] Iter:  190 overflow: 0.825 HPWL: 680424
[NesterovSolve] Iter:  200 overflow: 0.815 HPWL: 690025
[NesterovSolve] Iter:  210 overflow: 0.805 HPWL: 698923
[NesterovSolve] Iter:  220 overflow: 0.805 HPWL: 710480
[NesterovSolve] Iter:  230 overflow: 0.794 HPWL: 771221
[NesterovSolve] Iter:  240 overflow: 0.775 HPWL: 936682
[NesterovSolve] Iter:  250 overflow: 0.764 HPWL: 1101140
[NesterovSolve] Iter:  260 overflow: 0.726 HPWL: 1327898
[NesterovSolve] Iter:  270 overflow: 0.700 HPWL: 1537115
[NesterovSolve] Iter:  280 overflow: 0.656 HPWL: 1793557
[NesterovSolve] Iter:  290 overflow: 0.624 HPWL: 2020423
[NesterovSolve] Iter:  300 overflow: 0.585 HPWL: 2269561
[NesterovSolve] Iter:  310 overflow: 0.539 HPWL: 2466734
[NesterovSolve] Iter:  320 overflow: 0.497 HPWL: 2687975
[NesterovSolve] Iter:  330 overflow: 0.455 HPWL: 2945967
[NesterovSolve] Iter:  340 overflow: 0.405 HPWL: 3154425
[NesterovSolve] Iter:  350 overflow: 0.361 HPWL: 3368559
[NesterovSolve] Iter:  360 overflow: 0.321 HPWL: 3546556
[NesterovSolve] Iter:  370 overflow: 0.284 HPWL: 3696057
[NesterovSolve] Iter:  380 overflow: 0.249 HPWL: 3832433
[NesterovSolve] Iter:  390 overflow: 0.215 HPWL: 3977773
[NesterovSolve] Iter:  400 overflow: 0.187 HPWL: 4150543
[NesterovSolve] Iter:  410 overflow: 0.157 HPWL: 4275883
[NesterovSolve] Iter:  420 overflow: 0.127 HPWL: 4441540
[NesterovSolve] Iter:  430 overflow: 0.105 HPWL: 4369402
[NesterovSolve] Finished with Overflow: 0.097856
Setting global connections for newly added cells…
Writing OpenROAD database to '/openlane/designs/astracore_soc/runs/fourth_run/tmp/placement/10-global.odb'…
Writing netlist to '/openlane/designs/astracore_soc/runs/fourth_run/tmp/placement/10-global.nl.v'…
Writing powered netlist to '/openlane/designs/astracore_soc/runs/fourth_run/tmp/placement/10-global.pnl.v'…
Writing layout to '/openlane/designs/astracore_soc/runs/fourth_run/tmp/placement/10-global.def'…
