[ERROR]: Yosys checks have failed: Encountered check error:
Warning: multiple conflicting drivers for $paramod$a965771240e86f019585f6ede40280813c1fc46f\matrix_buffer.\idx [31]:
    port Q[31] of cell $procdff$38436 ($dff)
    port Q[31] of cell $procdff$38371 ($dff)

Encountered check error:
Warning: multiple conflicting drivers for $paramod$a965771240e86f019585f6ede40280813c1fc46f\matrix_buffer.\idx [30]:
    port Q[30] of cell $procdff$38436 ($dff)
    port Q[30] of cell $procdff$38371 ($dff)

Encountered check error:
Warning: multiple conflicting drivers for $paramod$a965771240e86f019585f6ede40280813c1fc46f\matrix_buffer.\idx [29]:
    port Q[29] of cell $procdff$38436 ($dff)
    port Q[29] of cell $procdff$38371 ($dff)

Encountered check error:
Warning: multiple conflicting drivers for $paramod$a965771240e86f019585f6ede40280813c1fc46f\matrix_buffer.\idx [28]:
    port Q[28] of cell $procdff$38436 ($dff)
    port Q[28] of cell $procdff$38371 ($dff)

Encountered check error:
Warning: multiple conflicting drivers for $paramod$a965771240e86f019585f6ede40280813c1fc46f\matrix_buffer.\idx [27]:
    port Q[27] of cell $procdff$38436 ($dff)
    port Q[27] of cell $procdff$38371 ($dff)

Encountered check error:
Warning: multiple conflicting drivers for $paramod$a965771240e86f019585f6ede40280813c1fc46f\matrix_buffer.\idx [26]:
    port Q[26] of cell $procdff$38436 ($dff)
    port Q[26] of cell $procdff$38371 ($dff)

Encountered check error:
Warning: multiple conflicting drivers for $paramod$a965771240e86f019585f6ede40280813c1fc46f\matrix_buffer.\idx [25]:
    port Q[25] of cell $procdff$38436 ($dff)
    port Q[25] of cell $procdff$38371 ($dff)

Encountered check error:
Warning: multiple conflicting drivers for $paramod$a965771240e86f019585f6ede40280813c1fc46f\matrix_buffer.\idx [24]:
    port Q[24] of cell $procdff$38436 ($dff)
    port Q[24] of cell $procdff$38371 ($dff)

Encountered check error:
Warning: multiple conflicting drivers for $paramod$a965771240e86f019585f6ede40280813c1fc46f\matrix_buffer.\idx [23]:
    port Q[23] of cell $procdff$38436 ($dff)
    port Q[23] of cell $procdff$38371 ($dff)

Encountered check error:
Warning: multiple conflicting drivers for $paramod$a965771240e86f019585f6ede40280813c1fc46f\matrix_buffer.\idx [22]:
    port Q[22] of cell $procdff$38436 ($dff)
    port Q[22] of cell $procdff$38371 ($dff)

Encountered check error:
Warning: multiple conflicting drivers for $paramod$a965771240e86f019585f6ede40280813c1fc46f\matrix_buffer.\idx [21]:
    port Q[21] of cell $procdff$38436 ($dff)
    port Q[21] of cell $procdff$38371 ($dff)

Encountered check error:
Warning: multiple conflicting drivers for $paramod$a965771240e86f019585f6ede40280813c1fc46f\matrix_buffer.\idx [20]:
    port Q[20] of cell $procdff$38436 ($dff)
    port Q[20] of cell $procdff$38371 ($dff)

Encountered check error:
Warning: multiple conflicting drivers for $paramod$a965771240e86f019585f6ede40280813c1fc46f\matrix_buffer.\idx [19]:
    port Q[19] of cell $procdff$38436 ($dff)
    port Q[19] of cell $procdff$38371 ($dff)

Encountered check error:
Warning: multiple conflicting drivers for $paramod$a965771240e86f019585f6ede40280813c1fc46f\matrix_buffer.\idx [18]:
    port Q[18] of cell $procdff$38436 ($dff)
    port Q[18] of cell $procdff$38371 ($dff)

Encountered check error:
Warning: multiple conflicting drivers for $paramod$a965771240e86f019585f6ede40280813c1fc46f\matrix_buffer.\idx [17]:
    port Q[17] of cell $procdff$38436 ($dff)
    port Q[17] of cell $procdff$38371 ($dff)

Encountered check error:
Warning: multiple conflicting drivers for $paramod$a965771240e86f019585f6ede40280813c1fc46f\matrix_buffer.\idx [16]:
    port Q[16] of cell $procdff$38436 ($dff)
    port Q[16] of cell $procdff$38371 ($dff)

Encountered check error:
Warning: multiple conflicting drivers for $paramod$a965771240e86f019585f6ede40280813c1fc46f\matrix_buffer.\idx [15]:
    port Q[15] of cell $procdff$38436 ($dff)
    port Q[15] of cell $procdff$38371 ($dff)

Encountered check error:
Warning: multiple conflicting drivers for $paramod$a965771240e86f019585f6ede40280813c1fc46f\matrix_buffer.\idx [14]:
    port Q[14] of cell $procdff$38436 ($dff)
    port Q[14] of cell $procdff$38371 ($dff)

Encountered check error:
Warning: multiple conflicting drivers for $paramod$a965771240e86f019585f6ede40280813c1fc46f\matrix_buffer.\idx [13]:
    port Q[13] of cell $procdff$38436 ($dff)
    port Q[13] of cell $procdff$38371 ($dff)

Encountered check error:
Warning: multiple conflicting drivers for $paramod$a965771240e86f019585f6ede40280813c1fc46f\matrix_buffer.\idx [12]:
    port Q[12] of cell $procdff$38436 ($dff)
    port Q[12] of cell $procdff$38371 ($dff)

Encountered check error:
Warning: multiple conflicting drivers for $paramod$a965771240e86f019585f6ede40280813c1fc46f\matrix_buffer.\idx [11]:
    port Q[11] of cell $procdff$38436 ($dff)
    port Q[11] of cell $procdff$38371 ($dff)

Encountered check error:
Warning: multiple conflicting drivers for $paramod$a965771240e86f019585f6ede40280813c1fc46f\matrix_buffer.\idx [10]:
    port Q[10] of cell $procdff$38436 ($dff)
    port Q[10] of cell $procdff$38371 ($dff)

Encountered check error:
Warning: multiple conflicting drivers for $paramod$a965771240e86f019585f6ede40280813c1fc46f\matrix_buffer.\idx [9]:
    port Q[9] of cell $procdff$38436 ($dff)
    port Q[9] of cell $procdff$38371 ($dff)

Encountered check error:
Warning: multiple conflicting drivers for $paramod$a965771240e86f019585f6ede40280813c1fc46f\matrix_buffer.\idx [8]:
    port Q[8] of cell $procdff$38436 ($dff)
    port Q[8] of cell $procdff$38371 ($dff)

Encountered check error:
Warning: multiple conflicting drivers for $paramod$a965771240e86f019585f6ede40280813c1fc46f\matrix_buffer.\idx [7]:
    port Q[7] of cell $procdff$38436 ($dff)
    port Q[7] of cell $procdff$38371 ($dff)

Encountered check error:
Warning: multiple conflicting drivers for $paramod$a965771240e86f019585f6ede40280813c1fc46f\matrix_buffer.\idx [6]:
    port Q[6] of cell $procdff$38436 ($dff)
    port Q[6] of cell $procdff$38371 ($dff)

Encountered check error:
Warning: multiple conflicting drivers for $paramod$a965771240e86f019585f6ede40280813c1fc46f\matrix_buffer.\idx [5]:
    port Q[5] of cell $procdff$38436 ($dff)
    port Q[5] of cell $procdff$38371 ($dff)

Encountered check error:
Warning: multiple conflicting drivers for $paramod$a965771240e86f019585f6ede40280813c1fc46f\matrix_buffer.\idx [4]:
    port Q[4] of cell $procdff$38436 ($dff)
    port Q[4] of cell $procdff$38371 ($dff)

Encountered check error:
Warning: multiple conflicting drivers for $paramod$a965771240e86f019585f6ede40280813c1fc46f\matrix_buffer.\idx [3]:
    port Q[3] of cell $procdff$38436 ($dff)
    port Q[3] of cell $procdff$38371 ($dff)

Encountered check error:
Warning: multiple conflicting drivers for $paramod$a965771240e86f019585f6ede40280813c1fc46f\matrix_buffer.\idx [2]:
    port Q[2] of cell $procdff$38436 ($dff)
    port Q[2] of cell $procdff$38371 ($dff)

Encountered check error:
Warning: multiple conflicting drivers for $paramod$a965771240e86f019585f6ede40280813c1fc46f\matrix_buffer.\idx [1]:
    port Q[1] of cell $procdff$38436 ($dff)
    port Q[1] of cell $procdff$38371 ($dff)

Encountered check error:
Warning: multiple conflicting drivers for $paramod$a965771240e86f019585f6ede40280813c1fc46f\matrix_buffer.\idx [0]:
    port Q[0] of cell $procdff$38436 ($dff)
    port Q[0] of cell $procdff$38371 ($dff)

Encountered check error:
Warning: multiple conflicting drivers for axi_timer_slave.\count_reg [31]:
    port Q[31] of cell $procdff$39366 ($adff)
    port Q[31] of cell $procdff$39361 ($dff)

Encountered check error:
Warning: multiple conflicting drivers for axi_timer_slave.\count_reg [30]:
    port Q[30] of cell $procdff$39366 ($adff)
    port Q[30] of cell $procdff$39361 ($dff)

Encountered check error:
Warning: multiple conflicting drivers for axi_timer_slave.\count_reg [29]:
    port Q[29] of cell $procdff$39366 ($adff)
    port Q[29] of cell $procdff$39361 ($dff)

Encountered check error:
Warning: multiple conflicting drivers for axi_timer_slave.\count_reg [28]:
    port Q[28] of cell $procdff$39366 ($adff)
    port Q[28] of cell $procdff$39361 ($dff)

Encountered check error:
Warning: multiple conflicting drivers for axi_timer_slave.\count_reg [27]:
    port Q[27] of cell $procdff$39366 ($adff)
    port Q[27] of cell $procdff$39361 ($dff)

Encountered check error:
Warning: multiple conflicting drivers for axi_timer_slave.\count_reg [26]:
    port Q[26] of cell $procdff$39366 ($adff)
    port Q[26] of cell $procdff$39361 ($dff)

Encountered check error:
Warning: multiple conflicting drivers for axi_timer_slave.\count_reg [25]:
    port Q[25] of cell $procdff$39366 ($adff)
    port Q[25] of cell $procdff$39361 ($dff)

Encountered check error:
Warning: multiple conflicting drivers for axi_timer_slave.\count_reg [24]:
    port Q[24] of cell $procdff$39366 ($adff)
    port Q[24] of cell $procdff$39361 ($dff)

Encountered check error:
Warning: multiple conflicting drivers for axi_timer_slave.\count_reg [23]:
    port Q[23] of cell $procdff$39366 ($adff)
    port Q[23] of cell $procdff$39361 ($dff)

Encountered check error:
Warning: multiple conflicting drivers for axi_timer_slave.\count_reg [22]:
    port Q[22] of cell $procdff$39366 ($adff)
    port Q[22] of cell $procdff$39361 ($dff)

Encountered check error:
Warning: multiple conflicting drivers for axi_timer_slave.\count_reg [21]:
    port Q[21] of cell $procdff$39366 ($adff)
    port Q[21] of cell $procdff$39361 ($dff)

Encountered check error:
Warning: multiple conflicting drivers for axi_timer_slave.\count_reg [20]:
    port Q[20] of cell $procdff$39366 ($adff)
    port Q[20] of cell $procdff$39361 ($dff)

Encountered check error:
Warning: multiple conflicting drivers for axi_timer_slave.\count_reg [19]:
    port Q[19] of cell $procdff$39366 ($adff)
    port Q[19] of cell $procdff$39361 ($dff)

Encountered check error:
Warning: multiple conflicting drivers for axi_timer_slave.\count_reg [18]:
    port Q[18] of cell $procdff$39366 ($adff)
    port Q[18] of cell $procdff$39361 ($dff)

Encountered check error:
Warning: multiple conflicting drivers for axi_timer_slave.\count_reg [17]:
    port Q[17] of cell $procdff$39366 ($adff)
    port Q[17] of cell $procdff$39361 ($dff)

Encountered check error:
Warning: multiple conflicting drivers for axi_timer_slave.\count_reg [16]:
    port Q[16] of cell $procdff$39366 ($adff)
    port Q[16] of cell $procdff$39361 ($dff)

Encountered check error:
Warning: multiple conflicting drivers for axi_timer_slave.\count_reg [15]:
    port Q[15] of cell $procdff$39366 ($adff)
    port Q[15] of cell $procdff$39361 ($dff)

Encountered check error:
Warning: multiple conflicting drivers for axi_timer_slave.\count_reg [14]:
    port Q[14] of cell $procdff$39366 ($adff)
    port Q[14] of cell $procdff$39361 ($dff)

Encountered check error:
Warning: multiple conflicting drivers for axi_timer_slave.\count_reg [13]:
    port Q[13] of cell $procdff$39366 ($adff)
    port Q[13] of cell $procdff$39361 ($dff)

Encountered check error:
Warning: multiple conflicting drivers for axi_timer_slave.\count_reg [12]:
    port Q[12] of cell $procdff$39366 ($adff)
    port Q[12] of cell $procdff$39361 ($dff)

Encountered check error:
Warning: multiple conflicting drivers for axi_timer_slave.\count_reg [11]:
    port Q[11] of cell $procdff$39366 ($adff)
    port Q[11] of cell $procdff$39361 ($dff)

Encountered check error:
Warning: multiple conflicting drivers for axi_timer_slave.\count_reg [10]:
    port Q[10] of cell $procdff$39366 ($adff)
    port Q[10] of cell $procdff$39361 ($dff)

Encountered check error:
Warning: multiple conflicting drivers for axi_timer_slave.\count_reg [9]:
    port Q[9] of cell $procdff$39366 ($adff)
    port Q[9] of cell $procdff$39361 ($dff)

Encountered check error:
Warning: multiple conflicting drivers for axi_timer_slave.\count_reg [8]:
    port Q[8] of cell $procdff$39366 ($adff)
    port Q[8] of cell $procdff$39361 ($dff)

Encountered check error:
Warning: multiple conflicting drivers for axi_timer_slave.\count_reg [7]:
    port Q[7] of cell $procdff$39366 ($adff)
    port Q[7] of cell $procdff$39361 ($dff)

Encountered check error:
Warning: multiple conflicting drivers for axi_timer_slave.\count_reg [6]:
    port Q[6] of cell $procdff$39366 ($adff)
    port Q[6] of cell $procdff$39361 ($dff)

Encountered check error:
Warning: multiple conflicting drivers for axi_timer_slave.\count_reg [5]:
    port Q[5] of cell $procdff$39366 ($adff)
    port Q[5] of cell $procdff$39361 ($dff)

Encountered check error:
Warning: multiple conflicting drivers for axi_timer_slave.\count_reg [4]:
    port Q[4] of cell $procdff$39366 ($adff)
    port Q[4] of cell $procdff$39361 ($dff)

Encountered check error:
Warning: multiple conflicting drivers for axi_timer_slave.\count_reg [3]:
    port Q[3] of cell $procdff$39366 ($adff)
    port Q[3] of cell $procdff$39361 ($dff)

Encountered check error:
Warning: multiple conflicting drivers for axi_timer_slave.\count_reg [2]:
    port Q[2] of cell $procdff$39366 ($adff)
    port Q[2] of cell $procdff$39361 ($dff)

Encountered check error:
Warning: multiple conflicting drivers for axi_timer_slave.\count_reg [1]:
    port Q[1] of cell $procdff$39366 ($adff)
    port Q[1] of cell $procdff$39361 ($dff)

Encountered check error:
Warning: multiple conflicting drivers for axi_timer_slave.\count_reg [0]:
    port Q[0] of cell $procdff$39366 ($adff)
    port Q[0] of cell $procdff$39361 ($dff)

Encountered check error:
Warning: multiple conflicting drivers for axi_timer_slave.\status_match:
    port Q[0] of cell $procdff$39367 ($adff)
    port Q[0] of cell $procdff$39365 ($dff)

child process exited abnormally
[ERROR]: See the full report here: designs/astracore_soc/runs/second_run/reports/synthesis/1-synthesis_pre_synth.chk.rpt
[ERROR]: Step 1 (synthesis) failed with error:
-code 1 -level 0 -errorstack {INNER {invokeStk1 throw_error} CALL {check_synth_misc /openlane/designs/astracore_soc/runs/second_run/reports/synthesis/1-synthesis_pre_synth.chk.rpt} CALL {run_synthesis_checkers /openlane/designs/astracore_soc/runs/second_run/logs/synthesis/1-synthesis.log /openlane/designs/astracore_soc/runs/second_run/reports/synthesis/1-synthesis_pre_synth.chk.rpt} CALL run_synthesis CALL {run_non_interactive_mode -design /openlane/designs/astracore_soc -tag second_run}} -errorcode NONE -errorinfo {
    while executing
"throw_error"
    (procedure "check_synth_misc" line 17)
    invoked from within
"check_synth_misc $report"
    (procedure "run_synthesis_checkers" line 5)
    invoked from within
"run_synthesis_checkers $log $pre_synth_report"
    (procedure "run_synthesis" line 19)
    invoked from within
"run_synthesis"} -errorline 1
[ERROR]: Failed to create manufacturability and metric reports:
[ERROR]: Traceback (most recent call last):
  File "/nix/store/n0wqr3jrpjlfdqdp3gnlpfhn2m0n0mkp-openlane1-1.1.1/bin/scripts/generate_reports.py", line 184, in <module>
    cli()
  File "/nix/store/68b8gv00vqcrg25jp8wprwnd0kgnl3ic-python3-3.11.9-env/lib/python3.11/site-packages/click/core.py", line 1157, in __call__
    return self.main(*args, **kwargs)
           ^^^^^^^^^^^^^^^^^^^^^^^^^^
  File "/nix/store/68b8gv00vqcrg25jp8wprwnd0kgnl3ic-python3-3.11.9-env/lib/python3.11/site-packages/click/core.py", line 1078, in main
    rv = self.invoke(ctx)
         ^^^^^^^^^^^^^^^^
  File "/nix/store/68b8gv00vqcrg25jp8wprwnd0kgnl3ic-python3-3.11.9-env/lib/python3.11/site-packages/click/core.py", line 1434, in invoke
    return ctx.invoke(self.callback, **ctx.params)
           ^^^^^^^^^^^^^^^^^^^^^^^^^^^^^^^^^^^^^^^
  File "/nix/store/68b8gv00vqcrg25jp8wprwnd0kgnl3ic-python3-3.11.9-env/lib/python3.11/site-packages/click/core.py", line 783, in invoke
    return __callback(*args, **kwargs)
           ^^^^^^^^^^^^^^^^^^^^^^^^^^^
  File "/nix/store/n0wqr3jrpjlfdqdp3gnlpfhn2m0n0mkp-openlane1-1.1.1/bin/scripts/generate_reports.py", line 51, in cli
    report = Report(design, tag, design_name, params, run_path).get_report()
             ^^^^^^^^^^^^^^^^^^^^^^^^^^^^^^^^^^^^^^^^^^^^^^^^^^^^^^^^^^^^^^^
  File "/nix/store/n0wqr3jrpjlfdqdp3gnlpfhn2m0n0mkp-openlane1-1.1.1/bin/scripts/report/report.py", line 809, in get_report
    *self.extract_all_values(),
     ^^^^^^^^^^^^^^^^^^^^^^^^^
  File "/nix/store/n0wqr3jrpjlfdqdp3gnlpfhn2m0n0mkp-openlane1-1.1.1/bin/scripts/report/report.py", line 359, in extract_all_values
    power_report = Artifact(
                   ^^^^^^^^^
  File "/nix/store/n0wqr3jrpjlfdqdp3gnlpfhn2m0n0mkp-openlane1-1.1.1/bin/scripts/report/report.py", line 62, in __init__
    self.pathname = matches[0]
                    ~~~~~~~^^^
IndexError: list index out of range
[ERROR]: Flow failed.
