
===========================================================================
 report_power
============================================================================
======================= Fastest Corner ===================================

Group                  Internal  Switching    Leakage      Total
                          Power      Power      Power      Power (Watts)
----------------------------------------------------------------
Sequential             1.84e-04   0.00e+00   3.15e-08   1.84e-04  45.4%
Combinational          3.24e-06   7.86e-06   2.49e-09   1.11e-05   2.7%
Clock                  1.32e-04   7.75e-05   3.88e-08   2.10e-04  51.9%
Macro                  0.00e+00   0.00e+00   0.00e+00   0.00e+00   0.0%
Pad                    0.00e+00   0.00e+00   0.00e+00   0.00e+00   0.0%
----------------------------------------------------------------
Total                  3.19e-04   8.54e-05   7.28e-08   4.05e-04 100.0%
                          78.9%      21.1%       0.0%

======================= Slowest Corner ===================================

Group                  Internal  Switching    Leakage      Total
                          Power      Power      Power      Power (Watts)
----------------------------------------------------------------
Sequential             1.21e-04   0.00e+00   7.69e-07   1.22e-04  44.2%
Combinational          2.17e-06   5.14e-06   1.11e-06   8.42e-06   3.1%
Clock                  9.49e-05   5.04e-05   1.63e-07   1.46e-04  52.8%
Macro                  0.00e+00   0.00e+00   0.00e+00   0.00e+00   0.0%
Pad                    0.00e+00   0.00e+00   0.00e+00   0.00e+00   0.0%
----------------------------------------------------------------
Total                  2.18e-04   5.55e-05   2.04e-06   2.76e-04 100.0%
                          79.1%      20.2%       0.7%

======================= Typical Corner ===================================

Group                  Internal  Switching    Leakage      Total
                          Power      Power      Power      Power (Watts)
----------------------------------------------------------------
Sequential             1.58e-04   0.00e+00   3.09e-08   1.58e-04  45.4%
Combinational          2.69e-06   6.70e-06   1.37e-09   9.40e-06   2.7%
Clock                  1.16e-04   6.49e-05   3.84e-08   1.81e-04  51.9%
Macro                  0.00e+00   0.00e+00   0.00e+00   0.00e+00   0.0%
Pad                    0.00e+00   0.00e+00   0.00e+00   0.00e+00   0.0%
----------------------------------------------------------------
Total                  2.76e-04   7.16e-05   7.07e-08   3.48e-04 100.0%
                          79.4%      20.6%       0.0%

