[ERROR]: during executing yosys script /nix/store/n0wqr3jrpjlfdqdp3gnlpfhn2m0n0mkp-openlane1-1.1.1/bin/scripts/yosys/synth.tcl
[ERROR]: Log: designs/astracore_soc/runs/first_run/logs/synthesis/1-synthesis.log
[ERROR]: Last 10 lines:

43.23. Executing AST frontend in derive mode using pre-parsed AST for module `\main_control'.
Generating RTLIL representation for module `\main_control'.

43.24. Executing AST frontend in derive mode using pre-parsed AST for module `\decoder'.
Generating RTLIL representation for module `\decoder'.

43.25. Executing AST frontend in derive mode using pre-parsed AST for module `\imem'.
/openlane/designs/astracore_soc/src/imem.v:19: ERROR: Can not open file `/Users/lakshyachowdhury/Documents/ASTRACORE/CPU/program.mem` for \$readmemh.
child process exited abnormally

[ERROR]: Creating issue reproducible...
[ERROR]: Step 1 (synthesis) failed with error:
-code 1 -level 0 -errorstack {INNER {invokeStk1 throw_error} CALL {run_tcl_script -tool yosys -no_consume /nix/store/n0wqr3jrpjlfdqdp3gnlpfhn2m0n0mkp-openlane1-1.1.1/bin/scripts/yosys/synth.tcl -indexed_log /openlane/designs/astracore_soc/runs/first_run/logs/synthesis/1-synthesis.log} CALL {run_yosys_script /nix/store/n0wqr3jrpjlfdqdp3gnlpfhn2m0n0mkp-openlane1-1.1.1/bin/scripts/yosys/synth.tcl -indexed_log /openlane/designs/astracore_soc/runs/first_run/logs/synthesis/1-synthesis.log} CALL {run_yosys -indexed_log /openlane/designs/astracore_soc/runs/first_run/logs/synthesis/1-synthesis.log} CALL run_synthesis CALL {run_non_interactive_mode -design /openlane/designs/astracore_soc -tag first_run}} -errorcode NONE -errorinfo {
    while executing
"throw_error"
    (procedure "run_tcl_script" line 219)
    invoked from within
"run_tcl_script -tool yosys -no_consume {*}$args"
    (procedure "run_yosys_script" line 2)
    invoked from within
"run_yosys_script $::env(SYNTH_SCRIPT) -indexed_log $arg_values(-indexed_log)"
    (procedure "run_yosys" line 40)
    invoked from within
"run_yosys -indexed_log $log"
    (procedure "run_synthesis" line 13)
    invoked from within
"run_synthesis"} -errorline 1
[ERROR]: Failed to create manufacturability and metric reports:
[ERROR]: Traceback (most recent call last):
  File "/nix/store/n0wqr3jrpjlfdqdp3gnlpfhn2m0n0mkp-openlane1-1.1.1/bin/scripts/generate_reports.py", line 184, in <module>
    cli()
  File "/nix/store/68b8gv00vqcrg25jp8wprwnd0kgnl3ic-python3-3.11.9-env/lib/python3.11/site-packages/click/core.py", line 1157, in __call__
    return self.main(*args, **kwargs)
           ^^^^^^^^^^^^^^^^^^^^^^^^^^
  File "/nix/store/68b8gv00vqcrg25jp8wprwnd0kgnl3ic-python3-3.11.9-env/lib/python3.11/site-packages/click/core.py", line 1078, in main
    rv = self.invoke(ctx)
         ^^^^^^^^^^^^^^^^
  File "/nix/store/68b8gv00vqcrg25jp8wprwnd0kgnl3ic-python3-3.11.9-env/lib/python3.11/site-packages/click/core.py", line 1434, in invoke
    return ctx.invoke(self.callback, **ctx.params)
           ^^^^^^^^^^^^^^^^^^^^^^^^^^^^^^^^^^^^^^^
  File "/nix/store/68b8gv00vqcrg25jp8wprwnd0kgnl3ic-python3-3.11.9-env/lib/python3.11/site-packages/click/core.py", line 783, in invoke
    return __callback(*args, **kwargs)
           ^^^^^^^^^^^^^^^^^^^^^^^^^^^
  File "/nix/store/n0wqr3jrpjlfdqdp3gnlpfhn2m0n0mkp-openlane1-1.1.1/bin/scripts/generate_reports.py", line 51, in cli
    report = Report(design, tag, design_name, params, run_path).get_report()
             ^^^^^^^^^^^^^^^^^^^^^^^^^^^^^^^^^^^^^^^^^^^^^^^^^^^^^^^^^^^^^^^
  File "/nix/store/n0wqr3jrpjlfdqdp3gnlpfhn2m0n0mkp-openlane1-1.1.1/bin/scripts/report/report.py", line 809, in get_report
    *self.extract_all_values(),
     ^^^^^^^^^^^^^^^^^^^^^^^^^
  File "/nix/store/n0wqr3jrpjlfdqdp3gnlpfhn2m0n0mkp-openlane1-1.1.1/bin/scripts/report/report.py", line 359, in extract_all_values
    power_report = Artifact(
                   ^^^^^^^^^
  File "/nix/store/n0wqr3jrpjlfdqdp3gnlpfhn2m0n0mkp-openlane1-1.1.1/bin/scripts/report/report.py", line 62, in __init__
    self.pathname = matches[0]
                    ~~~~~~~^^^
IndexError: list index out of range
[ERROR]: Flow failed.
