[INFO]: Run Directory: /openlane/designs/astracore_soc/runs/first_run
[WARNING]: SYNTH_MAX_FANOUT is now deprecated; use MAX_FANOUT_CONSTRAINT instead.
[WARNING]: DIODE_INSERTION_STRATEGY is now deprecated; use GRT_REPAIR_ANTENNAS, DIODE_ON_PORTS and RUN_HEURISTIC_DIODE_INSERTION instead.
[INFO]: DIODE_INSERTION_STRATEGY set to 3. Setting GRT_REPAIR_ANTENNAS to 1
[WARNING]: The variable name DESIGN_IS_CORE was renamed to FP_PDN_MULTILAYER. Update your configuration file.
[INFO]: Saving runtime environment...
[INFO]: Preparing LEF files for the nom corner...
[INFO]: Preparing LEF files for the min corner...
[INFO]: Preparing LEF files for the max corner...
[WARNING]: PNR_SDC_FILE is not set. It is recommended to write a custom SDC file for the design. Defaulting to BASE_SDC_FILE
[WARNING]: SIGNOFF_SDC_FILE is not set. It is recommended to write a custom SDC file for the design. Defaulting to BASE_SDC_FILE
[INFO]: Running linter (Verilator) (log: designs/astracore_soc/runs/first_run/logs/synthesis/linter.log)...
[INFO]: 0 errors found by linter
[WARNING]: 72 warnings found by linter
[INFO]: Running Synthesis (log: designs/astracore_soc/runs/first_run/logs/synthesis/1-synthesis.log)...
[ERROR]: during executing yosys script /nix/store/n0wqr3jrpjlfdqdp3gnlpfhn2m0n0mkp-openlane1-1.1.1/bin/scripts/yosys/synth.tcl
[ERROR]: Log: designs/astracore_soc/runs/first_run/logs/synthesis/1-synthesis.log
[ERROR]: Last 10 lines:

43.23. Executing AST frontend in derive mode using pre-parsed AST for module `\main_control'.
Generating RTLIL representation for module `\main_control'.

43.24. Executing AST frontend in derive mode using pre-parsed AST for module `\decoder'.
Generating RTLIL representation for module `\decoder'.

43.25. Executing AST frontend in derive mode using pre-parsed AST for module `\imem'.
/openlane/designs/astracore_soc/src/imem.v:19: ERROR: Can not open file `/Users/lakshyachowdhury/Documents/ASTRACORE/CPU/program.mem` for \$readmemh.
child process exited abnormally

[ERROR]: Creating issue reproducible...
[INFO]: Saving runtime environment...
[INFO]: Reproducible packaged: Please tarball and upload 'designs/astracore_soc/runs/first_run/issue_reproducible' if you're going to submit an issue.
[ERROR]: Step 1 (synthesis) failed with error:
-code 1 -level 0 -errorstack {INNER {invokeStk1 throw_error} CALL {run_tcl_script -tool yosys -no_consume /nix/store/n0wqr3jrpjlfdqdp3gnlpfhn2m0n0mkp-openlane1-1.1.1/bin/scripts/yosys/synth.tcl -indexed_log /openlane/designs/astracore_soc/runs/first_run/logs/synthesis/1-synthesis.log} CALL {run_yosys_script /nix/store/n0wqr3jrpjlfdqdp3gnlpfhn2m0n0mkp-openlane1-1.1.1/bin/scripts/yosys/synth.tcl -indexed_log /openlane/designs/astracore_soc/runs/first_run/logs/synthesis/1-synthesis.log} CALL {run_yosys -indexed_log /openlane/designs/astracore_soc/runs/first_run/logs/synthesis/1-synthesis.log} CALL run_synthesis CALL {run_non_interactive_mode -design /openlane/designs/astracore_soc -tag first_run}} -errorcode NONE -errorinfo {
    while executing
"throw_error"
    (procedure "run_tcl_script" line 219)
    invoked from within
"run_tcl_script -tool yosys -no_consume {*}$args"
    (procedure "run_yosys_script" line 2)
    invoked from within
"run_yosys_script $::env(SYNTH_SCRIPT) -indexed_log $arg_values(-indexed_log)"
    (procedure "run_yosys" line 40)
    invoked from within
"run_yosys -indexed_log $log"
    (procedure "run_synthesis" line 13)
    invoked from within
"run_synthesis"} -errorline 1
[INFO]: Saving current set of views in 'designs/astracore_soc/runs/first_run/results/final'...
[INFO]: Generating final set of reports...
[ERROR]: Failed to create manufacturability and metric reports:
[ERROR]: Traceback (most recent call last):
  File "/nix/store/n0wqr3jrpjlfdqdp3gnlpfhn2m0n0mkp-openlane1-1.1.1/bin/scripts/generate_reports.py", line 184, in <module>
    cli()
  File "/nix/store/68b8gv00vqcrg25jp8wprwnd0kgnl3ic-python3-3.11.9-env/lib/python3.11/site-packages/click/core.py", line 1157, in __call__
    return self.main(*args, **kwargs)
           ^^^^^^^^^^^^^^^^^^^^^^^^^^
  File "/nix/store/68b8gv00vqcrg25jp8wprwnd0kgnl3ic-python3-3.11.9-env/lib/python3.11/site-packages/click/core.py", line 1078, in main
    rv = self.invoke(ctx)
         ^^^^^^^^^^^^^^^^
  File "/nix/store/68b8gv00vqcrg25jp8wprwnd0kgnl3ic-python3-3.11.9-env/lib/python3.11/site-packages/click/core.py", line 1434, in invoke
    return ctx.invoke(self.callback, **ctx.params)
           ^^^^^^^^^^^^^^^^^^^^^^^^^^^^^^^^^^^^^^^
  File "/nix/store/68b8gv00vqcrg25jp8wprwnd0kgnl3ic-python3-3.11.9-env/lib/python3.11/site-packages/click/core.py", line 783, in invoke
    return __callback(*args, **kwargs)
           ^^^^^^^^^^^^^^^^^^^^^^^^^^^
  File "/nix/store/n0wqr3jrpjlfdqdp3gnlpfhn2m0n0mkp-openlane1-1.1.1/bin/scripts/generate_reports.py", line 51, in cli
    report = Report(design, tag, design_name, params, run_path).get_report()
             ^^^^^^^^^^^^^^^^^^^^^^^^^^^^^^^^^^^^^^^^^^^^^^^^^^^^^^^^^^^^^^^
  File "/nix/store/n0wqr3jrpjlfdqdp3gnlpfhn2m0n0mkp-openlane1-1.1.1/bin/scripts/report/report.py", line 809, in get_report
    *self.extract_all_values(),
     ^^^^^^^^^^^^^^^^^^^^^^^^^
  File "/nix/store/n0wqr3jrpjlfdqdp3gnlpfhn2m0n0mkp-openlane1-1.1.1/bin/scripts/report/report.py", line 359, in extract_all_values
    power_report = Artifact(
                   ^^^^^^^^^
  File "/nix/store/n0wqr3jrpjlfdqdp3gnlpfhn2m0n0mkp-openlane1-1.1.1/bin/scripts/report/report.py", line 62, in __init__
    self.pathname = matches[0]
                    ~~~~~~~^^^
IndexError: list index out of range
[INFO]: Saving runtime environment...
[ERROR]: Flow failed.
[INFO]: The failure may have been because of the following warnings:
