
102. Printing statistics.

=== cpu_axi_top ===

   Number of wires:                237
   Number of wire bits:            392
   Number of public wires:          16
   Number of public wire bits:     171
   Number of memories:               0
   Number of memory bits:            0
   Number of processes:              0
   Number of cells:                390
     sky130_fd_sc_hd__a211o_2        1
     sky130_fd_sc_hd__a21oi_2        7
     sky130_fd_sc_hd__a22oi_2        1
     sky130_fd_sc_hd__a31o_2         5
     sky130_fd_sc_hd__a31oi_2        5
     sky130_fd_sc_hd__a32oi_2        1
     sky130_fd_sc_hd__a41o_2         1
     sky130_fd_sc_hd__a41oi_2        6
     sky130_fd_sc_hd__and2_2         4
     sky130_fd_sc_hd__and2b_2        1
     sky130_fd_sc_hd__and3_2         4
     sky130_fd_sc_hd__and4_2         8
     sky130_fd_sc_hd__and4bb_2       1
     sky130_fd_sc_hd__buf_1         30
     sky130_fd_sc_hd__conb_1       130
     sky130_fd_sc_hd__dfrtp_2       39
     sky130_fd_sc_hd__inv_2         47
     sky130_fd_sc_hd__mux2_2         1
     sky130_fd_sc_hd__nand2_2       13
     sky130_fd_sc_hd__nand2b_2       1
     sky130_fd_sc_hd__nand3_2        5
     sky130_fd_sc_hd__nand3b_2       1
     sky130_fd_sc_hd__nand4_2       19
     sky130_fd_sc_hd__nand4b_2       2
     sky130_fd_sc_hd__nor2_2        13
     sky130_fd_sc_hd__nor3_2         4
     sky130_fd_sc_hd__nor3b_2        2
     sky130_fd_sc_hd__nor4_2         4
     sky130_fd_sc_hd__nor4b_2        1
     sky130_fd_sc_hd__o211a_2        2
     sky130_fd_sc_hd__o21a_2         4
     sky130_fd_sc_hd__o21ai_2        4
     sky130_fd_sc_hd__o21ba_2        2
     sky130_fd_sc_hd__o21bai_2       3
     sky130_fd_sc_hd__o31a_2         4
     sky130_fd_sc_hd__o31ai_2        2
     sky130_fd_sc_hd__o41a_2         1
     sky130_fd_sc_hd__o41ai_2        2
     sky130_fd_sc_hd__or2_2          2
     sky130_fd_sc_hd__or2b_2         4
     sky130_fd_sc_hd__xnor2_2        2
     sky130_fd_sc_hd__xor2_2         1

   Chip area for module '\cpu_axi_top': 3270.636800

