OpenROAD b16bda7e82721d10566ff7e2b68f1ff0be9f9e38 
Features included (+) or not (-): +Charts +GPU +GUI +Python
This program is licensed under the BSD-3 license. See the LICENSE file for details.
Components of this program may be licensed under more restrictive licenses which must be honored.
[INFO ODB-0227] LEF file: /openlane/designs/astracore_soc/runs/fourth_run/tmp/merged.min.lef, created 13 layers, 25 vias, 441 library cells
[INFO ODB-0127] Reading DEF file: /openlane/designs/astracore_soc/runs/fourth_run/results/routing/cpu_axi_top.def
[INFO ODB-0128] Design: cpu_axi_top
[INFO ODB-0130]     Created 164 pins.
[INFO ODB-0131]     Created 78407 components and 292915 component-terminals.
[INFO ODB-0132]     Created 2 special nets and 291596 connections.
[INFO ODB-0133]     Created 447 nets and 1186 connections.
[INFO ODB-0134] Finished DEF file: /openlane/designs/astracore_soc/runs/fourth_run/results/routing/cpu_axi_top.def
define_corners Typical
read_liberty -corner Typical /pdks/volare/sky130/versions/bdc9412b3e468c102d01b7cf6337be06ec6e9c9a/sky130A/libs.ref/sky130_fd_sc_hd/lib/sky130_fd_sc_hd__tt_025C_1v80.lib
Using 1e-12 for capacitance...
Using 1e+03 for resistance...
Using 1e-09 for time...
Using 1e+00 for voltage...
Using 1e-03 for current...
Using 1e-09 for power...
Using 1e-06 for distance...
Using RCX ruleset '/pdks/volare/sky130/versions/bdc9412b3e468c102d01b7cf6337be06ec6e9c9a/sky130A/libs.tech/openlane/rules.openrcx.sky130A.min.calibre'...
[INFO RCX-0431] Defined process_corner X with ext_model_index 0
[INFO RCX-0029] Defined extraction corner X
[INFO RCX-0008] extracting parasitics of cpu_axi_top ...
[INFO RCX-0435] Reading extraction model file /pdks/volare/sky130/versions/bdc9412b3e468c102d01b7cf6337be06ec6e9c9a/sky130A/libs.tech/openlane/rules.openrcx.sky130A.min.calibre ...
[INFO RCX-0436] RC segment generation cpu_axi_top (max_merge_res 50.0) ...
[INFO RCX-0040] Final 1417 rc segments
[INFO RCX-0439] Coupling Cap extraction cpu_axi_top ...
[INFO RCX-0440] Coupling threshhold is 0.1000 fF, coupling capacitance less than 0.1000 fF will be grounded.
[INFO RCX-0043] 6537 wires to be extracted
[INFO RCX-0442] 82% completion -- 5364 wires have been extracted
[INFO RCX-0442] 100% completion -- 6537 wires have been extracted
[INFO RCX-0045] Extract 447 nets, 1864 rsegs, 1864 caps, 2201 ccs
[INFO RCX-0015] Finished extracting cpu_axi_top.
Writing result to /openlane/designs/astracore_soc/runs/fourth_run/results/routing/mca/process_corner_min/cpu_axi_top.spef...
Setting global connections for newly added cells…
[WARNING] Did not save OpenROAD database!
Writing extracted parasitics to '/openlane/designs/astracore_soc/runs/fourth_run/results/routing/mca/process_corner_min/cpu_axi_top.spef'…
[INFO RCX-0016] Writing SPEF ...
[INFO RCX-0443] 447 nets finished
[INFO RCX-0017] Finished writing SPEF ...
