Netgen 1.5.270 compiled on Sun Jun  2 18:59:04 UTC 2024
Warning: netgen command 'format' use fully-qualified name '::netgen::format'
Warning: netgen command 'global' use fully-qualified name '::netgen::global'
Generating JSON file result
Reading netlist file /openlane/designs/astracore_soc/runs/fourth_run/results/signoff/cpu_axi_top.spice
Reading netlist file /openlane/designs/astracore_soc/runs/fourth_run/tmp/signoff/38-cpu_axi_top.pnl.v
Warning:  A case-insensitive file has been read and so the	verilog file must be treated case-insensitive to match.
Creating placeholder cell definition for module sky130_fd_sc_hd__diode_2.
Creating placeholder cell definition for module sky130_fd_sc_hd__decap_3.
Creating placeholder cell definition for module sky130_ef_sc_hd__decap_12.
Creating placeholder cell definition for module sky130_fd_sc_hd__fill_1.
Creating placeholder cell definition for module sky130_fd_sc_hd__fill_2.
Creating placeholder cell definition for module sky130_fd_sc_hd__decap_8.
Creating placeholder cell definition for module sky130_fd_sc_hd__decap_4.
Creating placeholder cell definition for module sky130_fd_sc_hd__decap_6.
Creating placeholder cell definition for module sky130_fd_sc_hd__tapvpwrvgnd_1.
Creating placeholder cell definition for module sky130_fd_sc_hd__or2b_1.
Creating placeholder cell definition for module sky130_fd_sc_hd__buf_1.
Creating placeholder cell definition for module sky130_fd_sc_hd__dlymetal6s2s_1.
Creating placeholder cell definition for module sky130_fd_sc_hd__nand2b_2.
Creating placeholder cell definition for module sky130_fd_sc_hd__o31ai_1.
Creating placeholder cell definition for module sky130_fd_sc_hd__nand2_1.
Creating placeholder cell definition for module sky130_fd_sc_hd__nor2_1.
Creating placeholder cell definition for module sky130_fd_sc_hd__clkbuf_2.
Creating placeholder cell definition for module sky130_fd_sc_hd__o211a_1.
Creating placeholder cell definition for module sky130_fd_sc_hd__o21ba_1.
Creating placeholder cell definition for module sky130_fd_sc_hd__o21ai_1.
Creating placeholder cell definition for module sky130_fd_sc_hd__and4bb_1.
Creating placeholder cell definition for module sky130_fd_sc_hd__and2b_1.
Creating placeholder cell definition for module sky130_fd_sc_hd__a21oi_1.
Creating placeholder cell definition for module sky130_fd_sc_hd__buf_2.
Creating placeholder cell definition for module sky130_fd_sc_hd__inv_2.
Creating placeholder cell definition for module sky130_fd_sc_hd__a211o_1.
Creating placeholder cell definition for module sky130_fd_sc_hd__o31a_1.
Creating placeholder cell definition for module sky130_fd_sc_hd__mux2_1.
Creating placeholder cell definition for module sky130_fd_sc_hd__clkbuf_1.
Creating placeholder cell definition for module sky130_fd_sc_hd__nor3b_1.
Creating placeholder cell definition for module sky130_fd_sc_hd__o21a_1.
Creating placeholder cell definition for module sky130_fd_sc_hd__nand3_1.
Creating placeholder cell definition for module sky130_fd_sc_hd__or2_1.
Creating placeholder cell definition for module sky130_fd_sc_hd__nor3_2.
Creating placeholder cell definition for module sky130_fd_sc_hd__nor3b_2.
Creating placeholder cell definition for module sky130_fd_sc_hd__nor3_1.
Creating placeholder cell definition for module sky130_fd_sc_hd__nand4_2.
Creating placeholder cell definition for module sky130_fd_sc_hd__nor2_2.
Creating placeholder cell definition for module sky130_fd_sc_hd__nand4_4.
Creating placeholder cell definition for module sky130_fd_sc_hd__nand4_1.
Creating placeholder cell definition for module sky130_fd_sc_hd__and3_1.
Creating placeholder cell definition for module sky130_fd_sc_hd__and4_1.
Creating placeholder cell definition for module sky130_fd_sc_hd__o41ai_1.
Creating placeholder cell definition for module sky130_fd_sc_hd__nor4_1.
Creating placeholder cell definition for module sky130_fd_sc_hd__nand4b_1.
Creating placeholder cell definition for module sky130_fd_sc_hd__a31o_1.
Creating placeholder cell definition for module sky130_fd_sc_hd__a41oi_1.
Creating placeholder cell definition for module sky130_fd_sc_hd__and2_1.
Creating placeholder cell definition for module sky130_fd_sc_hd__o41a_1.
Creating placeholder cell definition for module sky130_fd_sc_hd__nor4b_1.
Creating placeholder cell definition for module sky130_fd_sc_hd__a22oi_1.
Creating placeholder cell definition for module sky130_fd_sc_hd__o21bai_1.
Creating placeholder cell definition for module sky130_fd_sc_hd__nand3b_1.
Creating placeholder cell definition for module sky130_fd_sc_hd__a32oi_1.
Creating placeholder cell definition for module sky130_fd_sc_hd__a31oi_1.
Creating placeholder cell definition for module sky130_fd_sc_hd__xnor2_1.
Creating placeholder cell definition for module sky130_fd_sc_hd__a41o_1.
Creating placeholder cell definition for module sky130_fd_sc_hd__xor2_1.
Creating placeholder cell definition for module sky130_fd_sc_hd__clkbuf_4.
Creating placeholder cell definition for module sky130_fd_sc_hd__dfrtp_4.
Creating placeholder cell definition for module sky130_fd_sc_hd__dfrtp_1.
Creating placeholder cell definition for module sky130_fd_sc_hd__dfrtp_2.
Creating placeholder cell definition for module sky130_fd_sc_hd__clkbuf_16.
Creating placeholder cell definition for module sky130_fd_sc_hd__bufinv_16.
Creating placeholder cell definition for module sky130_fd_sc_hd__clkinvlp_2.
Creating placeholder cell definition for module sky130_fd_sc_hd__clkinv_1.
Creating placeholder cell definition for module sky130_fd_sc_hd__conb_1.
Note:  Implicit pin LO in instance cpu_axi_top_165 of sky130_fd_sc_hd__conb_1 in cell cpu_axi_top
Note:  Implicit pin HI in instance cpu_axi_top_100 of sky130_fd_sc_hd__conb_1 in cell cpu_axi_top
Note:  Implicit pin HI in instance cpu_axi_top_101 of sky130_fd_sc_hd__conb_1 in cell cpu_axi_top
Note:  Implicit pin HI in instance cpu_axi_top_102 of sky130_fd_sc_hd__conb_1 in cell cpu_axi_top
Note:  Implicit pin HI in instance cpu_axi_top_103 of sky130_fd_sc_hd__conb_1 in cell cpu_axi_top
Note:  Implicit pin HI in instance cpu_axi_top_104 of sky130_fd_sc_hd__conb_1 in cell cpu_axi_top
Note:  Implicit pin HI in instance cpu_axi_top_105 of sky130_fd_sc_hd__conb_1 in cell cpu_axi_top
Note:  Implicit pin HI in instance cpu_axi_top_106 of sky130_fd_sc_hd__conb_1 in cell cpu_axi_top
Note:  Implicit pin HI in instance cpu_axi_top_107 of sky130_fd_sc_hd__conb_1 in cell cpu_axi_top
Note:  Implicit pin HI in instance cpu_axi_top_108 of sky130_fd_sc_hd__conb_1 in cell cpu_axi_top
Note:  Implicit pin HI in instance cpu_axi_top_109 of sky130_fd_sc_hd__conb_1 in cell cpu_axi_top
Note:  Implicit pin HI in instance cpu_axi_top_110 of sky130_fd_sc_hd__conb_1 in cell cpu_axi_top
Note:  Implicit pin HI in instance cpu_axi_top_111 of sky130_fd_sc_hd__conb_1 in cell cpu_axi_top
Note:  Implicit pin HI in instance cpu_axi_top_112 of sky130_fd_sc_hd__conb_1 in cell cpu_axi_top
Note:  Implicit pin HI in instance cpu_axi_top_113 of sky130_fd_sc_hd__conb_1 in cell cpu_axi_top
Note:  Implicit pin HI in instance cpu_axi_top_114 of sky130_fd_sc_hd__conb_1 in cell cpu_axi_top
Note:  Implicit pin HI in instance cpu_axi_top_115 of sky130_fd_sc_hd__conb_1 in cell cpu_axi_top
Note:  Implicit pin HI in instance cpu_axi_top_116 of sky130_fd_sc_hd__conb_1 in cell cpu_axi_top
Note:  Implicit pin HI in instance cpu_axi_top_117 of sky130_fd_sc_hd__conb_1 in cell cpu_axi_top
Note:  Implicit pin HI in instance cpu_axi_top_118 of sky130_fd_sc_hd__conb_1 in cell cpu_axi_top
Note:  Implicit pin HI in instance cpu_axi_top_119 of sky130_fd_sc_hd__conb_1 in cell cpu_axi_top
Note:  Implicit pin HI in instance cpu_axi_top_120 of sky130_fd_sc_hd__conb_1 in cell cpu_axi_top
Note:  Implicit pin HI in instance cpu_axi_top_121 of sky130_fd_sc_hd__conb_1 in cell cpu_axi_top
Note:  Implicit pin HI in instance cpu_axi_top_122 of sky130_fd_sc_hd__conb_1 in cell cpu_axi_top
Note:  Implicit pin HI in instance cpu_axi_top_123 of sky130_fd_sc_hd__conb_1 in cell cpu_axi_top
Note:  Implicit pin HI in instance cpu_axi_top_124 of sky130_fd_sc_hd__conb_1 in cell cpu_axi_top
Note:  Implicit pin HI in instance cpu_axi_top_125 of sky130_fd_sc_hd__conb_1 in cell cpu_axi_top
Note:  Implicit pin HI in instance cpu_axi_top_126 of sky130_fd_sc_hd__conb_1 in cell cpu_axi_top
Note:  Implicit pin HI in instance cpu_axi_top_127 of sky130_fd_sc_hd__conb_1 in cell cpu_axi_top
Note:  Implicit pin HI in instance cpu_axi_top_128 of sky130_fd_sc_hd__conb_1 in cell cpu_axi_top
Note:  Implicit pin HI in instance cpu_axi_top_129 of sky130_fd_sc_hd__conb_1 in cell cpu_axi_top
Note:  Implicit pin HI in instance cpu_axi_top_130 of sky130_fd_sc_hd__conb_1 in cell cpu_axi_top
Note:  Implicit pin HI in instance cpu_axi_top_131 of sky130_fd_sc_hd__conb_1 in cell cpu_axi_top
Note:  Implicit pin HI in instance cpu_axi_top_132 of sky130_fd_sc_hd__conb_1 in cell cpu_axi_top
Note:  Implicit pin HI in instance cpu_axi_top_133 of sky130_fd_sc_hd__conb_1 in cell cpu_axi_top
Note:  Implicit pin HI in instance cpu_axi_top_134 of sky130_fd_sc_hd__conb_1 in cell cpu_axi_top
Note:  Implicit pin HI in instance cpu_axi_top_135 of sky130_fd_sc_hd__conb_1 in cell cpu_axi_top
Note:  Implicit pin HI in instance cpu_axi_top_136 of sky130_fd_sc_hd__conb_1 in cell cpu_axi_top
Note:  Implicit pin HI in instance cpu_axi_top_137 of sky130_fd_sc_hd__conb_1 in cell cpu_axi_top
Note:  Implicit pin HI in instance cpu_axi_top_138 of sky130_fd_sc_hd__conb_1 in cell cpu_axi_top
Note:  Implicit pin HI in instance cpu_axi_top_139 of sky130_fd_sc_hd__conb_1 in cell cpu_axi_top
Note:  Implicit pin HI in instance cpu_axi_top_140 of sky130_fd_sc_hd__conb_1 in cell cpu_axi_top
Note:  Implicit pin HI in instance cpu_axi_top_141 of sky130_fd_sc_hd__conb_1 in cell cpu_axi_top
Note:  Implicit pin HI in instance cpu_axi_top_142 of sky130_fd_sc_hd__conb_1 in cell cpu_axi_top
Note:  Implicit pin HI in instance cpu_axi_top_143 of sky130_fd_sc_hd__conb_1 in cell cpu_axi_top
Note:  Implicit pin HI in instance cpu_axi_top_144 of sky130_fd_sc_hd__conb_1 in cell cpu_axi_top
Note:  Implicit pin HI in instance cpu_axi_top_145 of sky130_fd_sc_hd__conb_1 in cell cpu_axi_top
Note:  Implicit pin HI in instance cpu_axi_top_146 of sky130_fd_sc_hd__conb_1 in cell cpu_axi_top
Note:  Implicit pin HI in instance cpu_axi_top_147 of sky130_fd_sc_hd__conb_1 in cell cpu_axi_top
Note:  Implicit pin HI in instance cpu_axi_top_148 of sky130_fd_sc_hd__conb_1 in cell cpu_axi_top
Note:  Implicit pin HI in instance cpu_axi_top_149 of sky130_fd_sc_hd__conb_1 in cell cpu_axi_top
Note:  Implicit pin HI in instance cpu_axi_top_150 of sky130_fd_sc_hd__conb_1 in cell cpu_axi_top
Note:  Implicit pin HI in instance cpu_axi_top_151 of sky130_fd_sc_hd__conb_1 in cell cpu_axi_top
Note:  Implicit pin HI in instance cpu_axi_top_152 of sky130_fd_sc_hd__conb_1 in cell cpu_axi_top
Note:  Implicit pin HI in instance cpu_axi_top_153 of sky130_fd_sc_hd__conb_1 in cell cpu_axi_top
Note:  Implicit pin HI in instance cpu_axi_top_154 of sky130_fd_sc_hd__conb_1 in cell cpu_axi_top
Note:  Implicit pin HI in instance cpu_axi_top_155 of sky130_fd_sc_hd__conb_1 in cell cpu_axi_top
Note:  Implicit pin HI in instance cpu_axi_top_156 of sky130_fd_sc_hd__conb_1 in cell cpu_axi_top
Note:  Implicit pin HI in instance cpu_axi_top_157 of sky130_fd_sc_hd__conb_1 in cell cpu_axi_top
Note:  Implicit pin HI in instance cpu_axi_top_158 of sky130_fd_sc_hd__conb_1 in cell cpu_axi_top
Note:  Implicit pin HI in instance cpu_axi_top_159 of sky130_fd_sc_hd__conb_1 in cell cpu_axi_top
Note:  Implicit pin HI in instance cpu_axi_top_160 of sky130_fd_sc_hd__conb_1 in cell cpu_axi_top
Note:  Implicit pin HI in instance cpu_axi_top_161 of sky130_fd_sc_hd__conb_1 in cell cpu_axi_top
Note:  Implicit pin HI in instance cpu_axi_top_162 of sky130_fd_sc_hd__conb_1 in cell cpu_axi_top
Note:  Implicit pin HI in instance cpu_axi_top_163 of sky130_fd_sc_hd__conb_1 in cell cpu_axi_top
Note:  Implicit pin HI in instance cpu_axi_top_164 of sky130_fd_sc_hd__conb_1 in cell cpu_axi_top
Note:  Implicit pin LO in instance cpu_axi_top_166 of sky130_fd_sc_hd__conb_1 in cell cpu_axi_top
Note:  Implicit pin LO in instance cpu_axi_top_167 of sky130_fd_sc_hd__conb_1 in cell cpu_axi_top
Note:  Implicit pin HI in instance cpu_axi_top_38 of sky130_fd_sc_hd__conb_1 in cell cpu_axi_top
Note:  Implicit pin HI in instance cpu_axi_top_39 of sky130_fd_sc_hd__conb_1 in cell cpu_axi_top
Note:  Implicit pin HI in instance cpu_axi_top_40 of sky130_fd_sc_hd__conb_1 in cell cpu_axi_top
Note:  Implicit pin HI in instance cpu_axi_top_41 of sky130_fd_sc_hd__conb_1 in cell cpu_axi_top
Note:  Implicit pin HI in instance cpu_axi_top_42 of sky130_fd_sc_hd__conb_1 in cell cpu_axi_top
Note:  Implicit pin HI in instance cpu_axi_top_43 of sky130_fd_sc_hd__conb_1 in cell cpu_axi_top
Note:  Implicit pin HI in instance cpu_axi_top_44 of sky130_fd_sc_hd__conb_1 in cell cpu_axi_top
Note:  Implicit pin HI in instance cpu_axi_top_45 of sky130_fd_sc_hd__conb_1 in cell cpu_axi_top
Note:  Implicit pin HI in instance cpu_axi_top_46 of sky130_fd_sc_hd__conb_1 in cell cpu_axi_top
Note:  Implicit pin HI in instance cpu_axi_top_47 of sky130_fd_sc_hd__conb_1 in cell cpu_axi_top
Note:  Implicit pin HI in instance cpu_axi_top_48 of sky130_fd_sc_hd__conb_1 in cell cpu_axi_top
Note:  Implicit pin HI in instance cpu_axi_top_49 of sky130_fd_sc_hd__conb_1 in cell cpu_axi_top
Note:  Implicit pin HI in instance cpu_axi_top_50 of sky130_fd_sc_hd__conb_1 in cell cpu_axi_top
Note:  Implicit pin HI in instance cpu_axi_top_51 of sky130_fd_sc_hd__conb_1 in cell cpu_axi_top
Note:  Implicit pin HI in instance cpu_axi_top_52 of sky130_fd_sc_hd__conb_1 in cell cpu_axi_top
Note:  Implicit pin HI in instance cpu_axi_top_53 of sky130_fd_sc_hd__conb_1 in cell cpu_axi_top
Note:  Implicit pin HI in instance cpu_axi_top_54 of sky130_fd_sc_hd__conb_1 in cell cpu_axi_top
Note:  Implicit pin HI in instance cpu_axi_top_55 of sky130_fd_sc_hd__conb_1 in cell cpu_axi_top
Note:  Implicit pin HI in instance cpu_axi_top_56 of sky130_fd_sc_hd__conb_1 in cell cpu_axi_top
Note:  Implicit pin HI in instance cpu_axi_top_57 of sky130_fd_sc_hd__conb_1 in cell cpu_axi_top
Note:  Implicit pin HI in instance cpu_axi_top_58 of sky130_fd_sc_hd__conb_1 in cell cpu_axi_top
Note:  Implicit pin HI in instance cpu_axi_top_59 of sky130_fd_sc_hd__conb_1 in cell cpu_axi_top
Note:  Implicit pin HI in instance cpu_axi_top_60 of sky130_fd_sc_hd__conb_1 in cell cpu_axi_top
Note:  Implicit pin HI in instance cpu_axi_top_61 of sky130_fd_sc_hd__conb_1 in cell cpu_axi_top
Note:  Implicit pin HI in instance cpu_axi_top_62 of sky130_fd_sc_hd__conb_1 in cell cpu_axi_top
Note:  Implicit pin HI in instance cpu_axi_top_63 of sky130_fd_sc_hd__conb_1 in cell cpu_axi_top
Note:  Implicit pin HI in instance cpu_axi_top_64 of sky130_fd_sc_hd__conb_1 in cell cpu_axi_top
Note:  Implicit pin HI in instance cpu_axi_top_65 of sky130_fd_sc_hd__conb_1 in cell cpu_axi_top
Note:  Implicit pin HI in instance cpu_axi_top_66 of sky130_fd_sc_hd__conb_1 in cell cpu_axi_top
Note:  Implicit pin HI in instance cpu_axi_top_67 of sky130_fd_sc_hd__conb_1 in cell cpu_axi_top
Note:  Implicit pin HI in instance cpu_axi_top_68 of sky130_fd_sc_hd__conb_1 in cell cpu_axi_top
Note:  Implicit pin HI in instance cpu_axi_top_69 of sky130_fd_sc_hd__conb_1 in cell cpu_axi_top
Note:  Implicit pin HI in instance cpu_axi_top_70 of sky130_fd_sc_hd__conb_1 in cell cpu_axi_top
Note:  Implicit pin HI in instance cpu_axi_top_71 of sky130_fd_sc_hd__conb_1 in cell cpu_axi_top
Note:  Implicit pin HI in instance cpu_axi_top_72 of sky130_fd_sc_hd__conb_1 in cell cpu_axi_top
Note:  Implicit pin HI in instance cpu_axi_top_73 of sky130_fd_sc_hd__conb_1 in cell cpu_axi_top
Note:  Implicit pin HI in instance cpu_axi_top_74 of sky130_fd_sc_hd__conb_1 in cell cpu_axi_top
Note:  Implicit pin HI in instance cpu_axi_top_75 of sky130_fd_sc_hd__conb_1 in cell cpu_axi_top
Note:  Implicit pin HI in instance cpu_axi_top_76 of sky130_fd_sc_hd__conb_1 in cell cpu_axi_top
Note:  Implicit pin HI in instance cpu_axi_top_77 of sky130_fd_sc_hd__conb_1 in cell cpu_axi_top
Note:  Implicit pin HI in instance cpu_axi_top_78 of sky130_fd_sc_hd__conb_1 in cell cpu_axi_top
Note:  Implicit pin HI in instance cpu_axi_top_79 of sky130_fd_sc_hd__conb_1 in cell cpu_axi_top
Note:  Implicit pin HI in instance cpu_axi_top_80 of sky130_fd_sc_hd__conb_1 in cell cpu_axi_top
Note:  Implicit pin HI in instance cpu_axi_top_81 of sky130_fd_sc_hd__conb_1 in cell cpu_axi_top
Note:  Implicit pin HI in instance cpu_axi_top_82 of sky130_fd_sc_hd__conb_1 in cell cpu_axi_top
Note:  Implicit pin HI in instance cpu_axi_top_83 of sky130_fd_sc_hd__conb_1 in cell cpu_axi_top
Note:  Implicit pin HI in instance cpu_axi_top_84 of sky130_fd_sc_hd__conb_1 in cell cpu_axi_top
Note:  Implicit pin HI in instance cpu_axi_top_85 of sky130_fd_sc_hd__conb_1 in cell cpu_axi_top
Note:  Implicit pin HI in instance cpu_axi_top_86 of sky130_fd_sc_hd__conb_1 in cell cpu_axi_top
Note:  Implicit pin HI in instance cpu_axi_top_87 of sky130_fd_sc_hd__conb_1 in cell cpu_axi_top
Note:  Implicit pin HI in instance cpu_axi_top_88 of sky130_fd_sc_hd__conb_1 in cell cpu_axi_top
Note:  Implicit pin HI in instance cpu_axi_top_89 of sky130_fd_sc_hd__conb_1 in cell cpu_axi_top
Note:  Implicit pin HI in instance cpu_axi_top_90 of sky130_fd_sc_hd__conb_1 in cell cpu_axi_top
Note:  Implicit pin HI in instance cpu_axi_top_91 of sky130_fd_sc_hd__conb_1 in cell cpu_axi_top
Note:  Implicit pin HI in instance cpu_axi_top_92 of sky130_fd_sc_hd__conb_1 in cell cpu_axi_top
Note:  Implicit pin HI in instance cpu_axi_top_93 of sky130_fd_sc_hd__conb_1 in cell cpu_axi_top
Note:  Implicit pin HI in instance cpu_axi_top_94 of sky130_fd_sc_hd__conb_1 in cell cpu_axi_top
Note:  Implicit pin HI in instance cpu_axi_top_95 of sky130_fd_sc_hd__conb_1 in cell cpu_axi_top
Note:  Implicit pin HI in instance cpu_axi_top_96 of sky130_fd_sc_hd__conb_1 in cell cpu_axi_top
Note:  Implicit pin HI in instance cpu_axi_top_97 of sky130_fd_sc_hd__conb_1 in cell cpu_axi_top
Note:  Implicit pin HI in instance cpu_axi_top_98 of sky130_fd_sc_hd__conb_1 in cell cpu_axi_top
Note:  Implicit pin HI in instance cpu_axi_top_99 of sky130_fd_sc_hd__conb_1 in cell cpu_axi_top
Creating placeholder cell definition for module sky130_fd_sc_hd__buf_4.
Creating placeholder cell definition for module sky130_fd_sc_hd__dlygate4sd3_1.

Reading setup file /pdks/volare/sky130/versions/bdc9412b3e468c102d01b7cf6337be06ec6e9c9a/sky130A/libs.tech/netgen/sky130A_setup.tcl

Comparison output logged to file /openlane/designs/astracore_soc/runs/fourth_run/logs/signoff/41-cpu_axi_top.lef.lvs.log
Logging to file "/openlane/designs/astracore_soc/runs/fourth_run/logs/signoff/41-cpu_axi_top.lef.lvs.log" enabled

Contents of circuit 1:  Circuit: 'sky130_ef_sc_hd__decap_12'
Circuit sky130_ef_sc_hd__decap_12 contains 0 device instances.
Circuit contains 0 nets, and 4 disconnected pins.
Contents of circuit 2:  Circuit: 'sky130_ef_sc_hd__decap_12'
Circuit sky130_ef_sc_hd__decap_12 contains 0 device instances.
Circuit contains 0 nets.

Circuit sky130_ef_sc_hd__decap_12 contains no devices.

Contents of circuit 1:  Circuit: 'sky130_fd_sc_hd__decap_6'
Circuit sky130_fd_sc_hd__decap_6 contains 0 device instances.
Circuit contains 0 nets, and 4 disconnected pins.
Contents of circuit 2:  Circuit: 'sky130_fd_sc_hd__decap_6'
Circuit sky130_fd_sc_hd__decap_6 contains 0 device instances.
Circuit contains 0 nets.

Circuit sky130_fd_sc_hd__decap_6 contains no devices.

Contents of circuit 1:  Circuit: 'sky130_fd_sc_hd__fill_1'
Circuit sky130_fd_sc_hd__fill_1 contains 0 device instances.
Circuit contains 0 nets, and 4 disconnected pins.
Contents of circuit 2:  Circuit: 'sky130_fd_sc_hd__fill_1'
Circuit sky130_fd_sc_hd__fill_1 contains 0 device instances.
Circuit contains 0 nets.

Circuit sky130_fd_sc_hd__fill_1 contains no devices.

Contents of circuit 1:  Circuit: 'sky130_fd_sc_hd__tapvpwrvgnd_1'
Circuit sky130_fd_sc_hd__tapvpwrvgnd_1 contains 0 device instances.
Circuit contains 0 nets, and 2 disconnected pins.
Contents of circuit 2:  Circuit: 'sky130_fd_sc_hd__tapvpwrvgnd_1'
Circuit sky130_fd_sc_hd__tapvpwrvgnd_1 contains 0 device instances.
Circuit contains 0 nets.

Circuit sky130_fd_sc_hd__tapvpwrvgnd_1 contains no devices.

Contents of circuit 1:  Circuit: 'sky130_fd_sc_hd__clkbuf_2'
Circuit sky130_fd_sc_hd__clkbuf_2 contains 0 device instances.
Circuit contains 0 nets, and 6 disconnected pins.
Contents of circuit 2:  Circuit: 'sky130_fd_sc_hd__clkbuf_2'
Circuit sky130_fd_sc_hd__clkbuf_2 contains 0 device instances.
Circuit contains 0 nets.

Circuit sky130_fd_sc_hd__clkbuf_2 contains no devices.

Contents of circuit 1:  Circuit: 'sky130_fd_sc_hd__a21oi_1'
Circuit sky130_fd_sc_hd__a21oi_1 contains 0 device instances.
Circuit contains 0 nets, and 8 disconnected pins.
Contents of circuit 2:  Circuit: 'sky130_fd_sc_hd__a21oi_1'
Circuit sky130_fd_sc_hd__a21oi_1 contains 0 device instances.
Circuit contains 0 nets.

Circuit sky130_fd_sc_hd__a21oi_1 contains no devices.

Contents of circuit 1:  Circuit: 'sky130_fd_sc_hd__nand4_1'
Circuit sky130_fd_sc_hd__nand4_1 contains 0 device instances.
Circuit contains 0 nets, and 9 disconnected pins.
Contents of circuit 2:  Circuit: 'sky130_fd_sc_hd__nand4_1'
Circuit sky130_fd_sc_hd__nand4_1 contains 0 device instances.
Circuit contains 0 nets.

Circuit sky130_fd_sc_hd__nand4_1 contains no devices.

Contents of circuit 1:  Circuit: 'sky130_fd_sc_hd__fill_2'
Circuit sky130_fd_sc_hd__fill_2 contains 0 device instances.
Circuit contains 0 nets, and 4 disconnected pins.
Contents of circuit 2:  Circuit: 'sky130_fd_sc_hd__fill_2'
Circuit sky130_fd_sc_hd__fill_2 contains 0 device instances.
Circuit contains 0 nets.

Circuit sky130_fd_sc_hd__fill_2 contains no devices.

Contents of circuit 1:  Circuit: 'sky130_fd_sc_hd__decap_4'
Circuit sky130_fd_sc_hd__decap_4 contains 0 device instances.
Circuit contains 0 nets, and 4 disconnected pins.
Contents of circuit 2:  Circuit: 'sky130_fd_sc_hd__decap_4'
Circuit sky130_fd_sc_hd__decap_4 contains 0 device instances.
Circuit contains 0 nets.

Circuit sky130_fd_sc_hd__decap_4 contains no devices.

Contents of circuit 1:  Circuit: 'sky130_fd_sc_hd__decap_3'
Circuit sky130_fd_sc_hd__decap_3 contains 0 device instances.
Circuit contains 0 nets, and 4 disconnected pins.
Contents of circuit 2:  Circuit: 'sky130_fd_sc_hd__decap_3'
Circuit sky130_fd_sc_hd__decap_3 contains 0 device instances.
Circuit contains 0 nets.

Circuit sky130_fd_sc_hd__decap_3 contains no devices.

Contents of circuit 1:  Circuit: 'sky130_fd_sc_hd__inv_2'
Circuit sky130_fd_sc_hd__inv_2 contains 0 device instances.
Circuit contains 0 nets, and 6 disconnected pins.
Contents of circuit 2:  Circuit: 'sky130_fd_sc_hd__inv_2'
Circuit sky130_fd_sc_hd__inv_2 contains 0 device instances.
Circuit contains 0 nets.

Circuit sky130_fd_sc_hd__inv_2 contains no devices.

Contents of circuit 1:  Circuit: 'sky130_fd_sc_hd__nand2_1'
Circuit sky130_fd_sc_hd__nand2_1 contains 0 device instances.
Circuit contains 0 nets, and 7 disconnected pins.
Contents of circuit 2:  Circuit: 'sky130_fd_sc_hd__nand2_1'
Circuit sky130_fd_sc_hd__nand2_1 contains 0 device instances.
Circuit contains 0 nets.

Circuit sky130_fd_sc_hd__nand2_1 contains no devices.

Contents of circuit 1:  Circuit: 'sky130_fd_sc_hd__and4_1'
Circuit sky130_fd_sc_hd__and4_1 contains 0 device instances.
Circuit contains 0 nets, and 9 disconnected pins.
Contents of circuit 2:  Circuit: 'sky130_fd_sc_hd__and4_1'
Circuit sky130_fd_sc_hd__and4_1 contains 0 device instances.
Circuit contains 0 nets.

Circuit sky130_fd_sc_hd__and4_1 contains no devices.

Contents of circuit 1:  Circuit: 'sky130_fd_sc_hd__decap_8'
Circuit sky130_fd_sc_hd__decap_8 contains 0 device instances.
Circuit contains 0 nets, and 4 disconnected pins.
Contents of circuit 2:  Circuit: 'sky130_fd_sc_hd__decap_8'
Circuit sky130_fd_sc_hd__decap_8 contains 0 device instances.
Circuit contains 0 nets.

Circuit sky130_fd_sc_hd__decap_8 contains no devices.

Contents of circuit 1:  Circuit: 'sky130_fd_sc_hd__o21a_1'
Circuit sky130_fd_sc_hd__o21a_1 contains 0 device instances.
Circuit contains 0 nets, and 8 disconnected pins.
Contents of circuit 2:  Circuit: 'sky130_fd_sc_hd__o21a_1'
Circuit sky130_fd_sc_hd__o21a_1 contains 0 device instances.
Circuit contains 0 nets.

Circuit sky130_fd_sc_hd__o21a_1 contains no devices.

Contents of circuit 1:  Circuit: 'sky130_fd_sc_hd__conb_1'
Circuit sky130_fd_sc_hd__conb_1 contains 0 device instances.
Circuit contains 0 nets, and 6 disconnected pins.
Contents of circuit 2:  Circuit: 'sky130_fd_sc_hd__conb_1'
Circuit sky130_fd_sc_hd__conb_1 contains 0 device instances.
Circuit contains 0 nets.

Circuit sky130_fd_sc_hd__conb_1 contains no devices.

Contents of circuit 1:  Circuit: 'sky130_fd_sc_hd__diode_2'
Circuit sky130_fd_sc_hd__diode_2 contains 0 device instances.
Circuit contains 0 nets, and 5 disconnected pins.
Contents of circuit 2:  Circuit: 'sky130_fd_sc_hd__diode_2'
Circuit sky130_fd_sc_hd__diode_2 contains 0 device instances.
Circuit contains 0 nets.

Circuit sky130_fd_sc_hd__diode_2 contains no devices.

Contents of circuit 1:  Circuit: 'sky130_fd_sc_hd__buf_2'
Circuit sky130_fd_sc_hd__buf_2 contains 0 device instances.
Circuit contains 0 nets, and 6 disconnected pins.
Contents of circuit 2:  Circuit: 'sky130_fd_sc_hd__buf_2'
Circuit sky130_fd_sc_hd__buf_2 contains 0 device instances.
Circuit contains 0 nets.

Circuit sky130_fd_sc_hd__buf_2 contains no devices.

Contents of circuit 1:  Circuit: 'sky130_fd_sc_hd__a41oi_1'
Circuit sky130_fd_sc_hd__a41oi_1 contains 0 device instances.
Circuit contains 0 nets, and 10 disconnected pins.
Contents of circuit 2:  Circuit: 'sky130_fd_sc_hd__a41oi_1'
Circuit sky130_fd_sc_hd__a41oi_1 contains 0 device instances.
Circuit contains 0 nets.

Circuit sky130_fd_sc_hd__a41oi_1 contains no devices.

Contents of circuit 1:  Circuit: 'sky130_fd_sc_hd__nor4_1'
Circuit sky130_fd_sc_hd__nor4_1 contains 0 device instances.
Circuit contains 0 nets, and 9 disconnected pins.
Contents of circuit 2:  Circuit: 'sky130_fd_sc_hd__nor4_1'
Circuit sky130_fd_sc_hd__nor4_1 contains 0 device instances.
Circuit contains 0 nets.

Circuit sky130_fd_sc_hd__nor4_1 contains no devices.

Contents of circuit 1:  Circuit: 'sky130_fd_sc_hd__and3_1'
Circuit sky130_fd_sc_hd__and3_1 contains 0 device instances.
Circuit contains 0 nets, and 8 disconnected pins.
Contents of circuit 2:  Circuit: 'sky130_fd_sc_hd__and3_1'
Circuit sky130_fd_sc_hd__and3_1 contains 0 device instances.
Circuit contains 0 nets.

Circuit sky130_fd_sc_hd__and3_1 contains no devices.

Contents of circuit 1:  Circuit: 'sky130_fd_sc_hd__o21bai_1'
Circuit sky130_fd_sc_hd__o21bai_1 contains 0 device instances.
Circuit contains 0 nets, and 8 disconnected pins.
Contents of circuit 2:  Circuit: 'sky130_fd_sc_hd__o21bai_1'
Circuit sky130_fd_sc_hd__o21bai_1 contains 0 device instances.
Circuit contains 0 nets.

Circuit sky130_fd_sc_hd__o21bai_1 contains no devices.

Contents of circuit 1:  Circuit: 'sky130_fd_sc_hd__nand3_1'
Circuit sky130_fd_sc_hd__nand3_1 contains 0 device instances.
Circuit contains 0 nets, and 8 disconnected pins.
Contents of circuit 2:  Circuit: 'sky130_fd_sc_hd__nand3_1'
Circuit sky130_fd_sc_hd__nand3_1 contains 0 device instances.
Circuit contains 0 nets.

Circuit sky130_fd_sc_hd__nand3_1 contains no devices.

Contents of circuit 1:  Circuit: 'sky130_fd_sc_hd__clkbuf_4'
Circuit sky130_fd_sc_hd__clkbuf_4 contains 0 device instances.
Circuit contains 0 nets, and 6 disconnected pins.
Contents of circuit 2:  Circuit: 'sky130_fd_sc_hd__clkbuf_4'
Circuit sky130_fd_sc_hd__clkbuf_4 contains 0 device instances.
Circuit contains 0 nets.

Circuit sky130_fd_sc_hd__clkbuf_4 contains no devices.

Contents of circuit 1:  Circuit: 'sky130_fd_sc_hd__and2_1'
Circuit sky130_fd_sc_hd__and2_1 contains 0 device instances.
Circuit contains 0 nets, and 7 disconnected pins.
Contents of circuit 2:  Circuit: 'sky130_fd_sc_hd__and2_1'
Circuit sky130_fd_sc_hd__and2_1 contains 0 device instances.
Circuit contains 0 nets.

Circuit sky130_fd_sc_hd__and2_1 contains no devices.

Contents of circuit 1:  Circuit: 'sky130_fd_sc_hd__a31oi_1'
Circuit sky130_fd_sc_hd__a31oi_1 contains 0 device instances.
Circuit contains 0 nets, and 9 disconnected pins.
Contents of circuit 2:  Circuit: 'sky130_fd_sc_hd__a31oi_1'
Circuit sky130_fd_sc_hd__a31oi_1 contains 0 device instances.
Circuit contains 0 nets.

Circuit sky130_fd_sc_hd__a31oi_1 contains no devices.

Contents of circuit 1:  Circuit: 'sky130_fd_sc_hd__or2_1'
Circuit sky130_fd_sc_hd__or2_1 contains 0 device instances.
Circuit contains 0 nets, and 7 disconnected pins.
Contents of circuit 2:  Circuit: 'sky130_fd_sc_hd__or2_1'
Circuit sky130_fd_sc_hd__or2_1 contains 0 device instances.
Circuit contains 0 nets.

Circuit sky130_fd_sc_hd__or2_1 contains no devices.

Contents of circuit 1:  Circuit: 'sky130_fd_sc_hd__dlygate4sd3_1'
Circuit sky130_fd_sc_hd__dlygate4sd3_1 contains 0 device instances.
Circuit contains 0 nets, and 6 disconnected pins.
Contents of circuit 2:  Circuit: 'sky130_fd_sc_hd__dlygate4sd3_1'
Circuit sky130_fd_sc_hd__dlygate4sd3_1 contains 0 device instances.
Circuit contains 0 nets.

Circuit sky130_fd_sc_hd__dlygate4sd3_1 contains no devices.

Contents of circuit 1:  Circuit: 'sky130_fd_sc_hd__xnor2_1'
Circuit sky130_fd_sc_hd__xnor2_1 contains 0 device instances.
Circuit contains 0 nets, and 7 disconnected pins.
Contents of circuit 2:  Circuit: 'sky130_fd_sc_hd__xnor2_1'
Circuit sky130_fd_sc_hd__xnor2_1 contains 0 device instances.
Circuit contains 0 nets.

Circuit sky130_fd_sc_hd__xnor2_1 contains no devices.

Contents of circuit 1:  Circuit: 'sky130_fd_sc_hd__nor2_2'
Circuit sky130_fd_sc_hd__nor2_2 contains 0 device instances.
Circuit contains 0 nets, and 7 disconnected pins.
Contents of circuit 2:  Circuit: 'sky130_fd_sc_hd__nor2_2'
Circuit sky130_fd_sc_hd__nor2_2 contains 0 device instances.
Circuit contains 0 nets.

Circuit sky130_fd_sc_hd__nor2_2 contains no devices.

Contents of circuit 1:  Circuit: 'sky130_fd_sc_hd__o21ai_1'
Circuit sky130_fd_sc_hd__o21ai_1 contains 0 device instances.
Circuit contains 0 nets, and 8 disconnected pins.
Contents of circuit 2:  Circuit: 'sky130_fd_sc_hd__o21ai_1'
Circuit sky130_fd_sc_hd__o21ai_1 contains 0 device instances.
Circuit contains 0 nets.

Circuit sky130_fd_sc_hd__o21ai_1 contains no devices.

Contents of circuit 1:  Circuit: 'sky130_fd_sc_hd__nand4_2'
Circuit sky130_fd_sc_hd__nand4_2 contains 0 device instances.
Circuit contains 0 nets, and 9 disconnected pins.
Contents of circuit 2:  Circuit: 'sky130_fd_sc_hd__nand4_2'
Circuit sky130_fd_sc_hd__nand4_2 contains 0 device instances.
Circuit contains 0 nets.

Circuit sky130_fd_sc_hd__nand4_2 contains no devices.

Contents of circuit 1:  Circuit: 'sky130_fd_sc_hd__bufinv_16'
Circuit sky130_fd_sc_hd__bufinv_16 contains 0 device instances.
Circuit contains 0 nets, and 6 disconnected pins.
Contents of circuit 2:  Circuit: 'sky130_fd_sc_hd__bufinv_16'
Circuit sky130_fd_sc_hd__bufinv_16 contains 0 device instances.
Circuit contains 0 nets.

Circuit sky130_fd_sc_hd__bufinv_16 contains no devices.

Contents of circuit 1:  Circuit: 'sky130_fd_sc_hd__a31o_1'
Circuit sky130_fd_sc_hd__a31o_1 contains 0 device instances.
Circuit contains 0 nets, and 9 disconnected pins.
Contents of circuit 2:  Circuit: 'sky130_fd_sc_hd__a31o_1'
Circuit sky130_fd_sc_hd__a31o_1 contains 0 device instances.
Circuit contains 0 nets.

Circuit sky130_fd_sc_hd__a31o_1 contains no devices.

Contents of circuit 1:  Circuit: 'sky130_fd_sc_hd__nand4_4'
Circuit sky130_fd_sc_hd__nand4_4 contains 0 device instances.
Circuit contains 0 nets, and 9 disconnected pins.
Contents of circuit 2:  Circuit: 'sky130_fd_sc_hd__nand4_4'
Circuit sky130_fd_sc_hd__nand4_4 contains 0 device instances.
Circuit contains 0 nets.

Circuit sky130_fd_sc_hd__nand4_4 contains no devices.

Contents of circuit 1:  Circuit: 'sky130_fd_sc_hd__nor3b_1'
Circuit sky130_fd_sc_hd__nor3b_1 contains 0 device instances.
Circuit contains 0 nets, and 8 disconnected pins.
Contents of circuit 2:  Circuit: 'sky130_fd_sc_hd__nor3b_1'
Circuit sky130_fd_sc_hd__nor3b_1 contains 0 device instances.
Circuit contains 0 nets.

Circuit sky130_fd_sc_hd__nor3b_1 contains no devices.

Contents of circuit 1:  Circuit: 'sky130_fd_sc_hd__clkinvlp_2'
Circuit sky130_fd_sc_hd__clkinvlp_2 contains 0 device instances.
Circuit contains 0 nets, and 6 disconnected pins.
Contents of circuit 2:  Circuit: 'sky130_fd_sc_hd__clkinvlp_2'
Circuit sky130_fd_sc_hd__clkinvlp_2 contains 0 device instances.
Circuit contains 0 nets.

Circuit sky130_fd_sc_hd__clkinvlp_2 contains no devices.

Contents of circuit 1:  Circuit: 'sky130_fd_sc_hd__a32oi_1'
Circuit sky130_fd_sc_hd__a32oi_1 contains 0 device instances.
Circuit contains 0 nets, and 10 disconnected pins.
Contents of circuit 2:  Circuit: 'sky130_fd_sc_hd__a32oi_1'
Circuit sky130_fd_sc_hd__a32oi_1 contains 0 device instances.
Circuit contains 0 nets.

Circuit sky130_fd_sc_hd__a32oi_1 contains no devices.

Contents of circuit 1:  Circuit: 'sky130_fd_sc_hd__dfrtp_4'
Circuit sky130_fd_sc_hd__dfrtp_4 contains 0 device instances.
Circuit contains 0 nets, and 8 disconnected pins.
Contents of circuit 2:  Circuit: 'sky130_fd_sc_hd__dfrtp_4'
Circuit sky130_fd_sc_hd__dfrtp_4 contains 0 device instances.
Circuit contains 0 nets.

Circuit sky130_fd_sc_hd__dfrtp_4 contains no devices.

Contents of circuit 1:  Circuit: 'sky130_fd_sc_hd__nor2_1'
Circuit sky130_fd_sc_hd__nor2_1 contains 0 device instances.
Circuit contains 0 nets, and 7 disconnected pins.
Contents of circuit 2:  Circuit: 'sky130_fd_sc_hd__nor2_1'
Circuit sky130_fd_sc_hd__nor2_1 contains 0 device instances.
Circuit contains 0 nets.

Circuit sky130_fd_sc_hd__nor2_1 contains no devices.

Contents of circuit 1:  Circuit: 'sky130_fd_sc_hd__clkinv_1'
Circuit sky130_fd_sc_hd__clkinv_1 contains 0 device instances.
Circuit contains 0 nets, and 6 disconnected pins.
Contents of circuit 2:  Circuit: 'sky130_fd_sc_hd__clkinv_1'
Circuit sky130_fd_sc_hd__clkinv_1 contains 0 device instances.
Circuit contains 0 nets.

Circuit sky130_fd_sc_hd__clkinv_1 contains no devices.

Contents of circuit 1:  Circuit: 'sky130_fd_sc_hd__o31ai_1'
Circuit sky130_fd_sc_hd__o31ai_1 contains 0 device instances.
Circuit contains 0 nets, and 9 disconnected pins.
Contents of circuit 2:  Circuit: 'sky130_fd_sc_hd__o31ai_1'
Circuit sky130_fd_sc_hd__o31ai_1 contains 0 device instances.
Circuit contains 0 nets.

Circuit sky130_fd_sc_hd__o31ai_1 contains no devices.

Contents of circuit 1:  Circuit: 'sky130_fd_sc_hd__buf_1'
Circuit sky130_fd_sc_hd__buf_1 contains 0 device instances.
Circuit contains 0 nets, and 6 disconnected pins.
Contents of circuit 2:  Circuit: 'sky130_fd_sc_hd__buf_1'
Circuit sky130_fd_sc_hd__buf_1 contains 0 device instances.
Circuit contains 0 nets.

Circuit sky130_fd_sc_hd__buf_1 contains no devices.

Contents of circuit 1:  Circuit: 'sky130_fd_sc_hd__clkbuf_16'
Circuit sky130_fd_sc_hd__clkbuf_16 contains 0 device instances.
Circuit contains 0 nets, and 6 disconnected pins.
Contents of circuit 2:  Circuit: 'sky130_fd_sc_hd__clkbuf_16'
Circuit sky130_fd_sc_hd__clkbuf_16 contains 0 device instances.
Circuit contains 0 nets.

Circuit sky130_fd_sc_hd__clkbuf_16 contains no devices.

Contents of circuit 1:  Circuit: 'sky130_fd_sc_hd__a22oi_1'
Circuit sky130_fd_sc_hd__a22oi_1 contains 0 device instances.
Circuit contains 0 nets, and 9 disconnected pins.
Contents of circuit 2:  Circuit: 'sky130_fd_sc_hd__a22oi_1'
Circuit sky130_fd_sc_hd__a22oi_1 contains 0 device instances.
Circuit contains 0 nets.

Circuit sky130_fd_sc_hd__a22oi_1 contains no devices.

Contents of circuit 1:  Circuit: 'sky130_fd_sc_hd__clkbuf_1'
Circuit sky130_fd_sc_hd__clkbuf_1 contains 0 device instances.
Circuit contains 0 nets, and 6 disconnected pins.
Contents of circuit 2:  Circuit: 'sky130_fd_sc_hd__clkbuf_1'
Circuit sky130_fd_sc_hd__clkbuf_1 contains 0 device instances.
Circuit contains 0 nets.

Circuit sky130_fd_sc_hd__clkbuf_1 contains no devices.

Contents of circuit 1:  Circuit: 'sky130_fd_sc_hd__or2b_1'
Circuit sky130_fd_sc_hd__or2b_1 contains 0 device instances.
Circuit contains 0 nets, and 7 disconnected pins.
Contents of circuit 2:  Circuit: 'sky130_fd_sc_hd__or2b_1'
Circuit sky130_fd_sc_hd__or2b_1 contains 0 device instances.
Circuit contains 0 nets.

Circuit sky130_fd_sc_hd__or2b_1 contains no devices.

Contents of circuit 1:  Circuit: 'sky130_fd_sc_hd__mux2_1'
Circuit sky130_fd_sc_hd__mux2_1 contains 0 device instances.
Circuit contains 0 nets, and 8 disconnected pins.
Contents of circuit 2:  Circuit: 'sky130_fd_sc_hd__mux2_1'
Circuit sky130_fd_sc_hd__mux2_1 contains 0 device instances.
Circuit contains 0 nets.

Circuit sky130_fd_sc_hd__mux2_1 contains no devices.

Contents of circuit 1:  Circuit: 'sky130_fd_sc_hd__o21ba_1'
Circuit sky130_fd_sc_hd__o21ba_1 contains 0 device instances.
Circuit contains 0 nets, and 8 disconnected pins.
Contents of circuit 2:  Circuit: 'sky130_fd_sc_hd__o21ba_1'
Circuit sky130_fd_sc_hd__o21ba_1 contains 0 device instances.
Circuit contains 0 nets.

Circuit sky130_fd_sc_hd__o21ba_1 contains no devices.

Contents of circuit 1:  Circuit: 'sky130_fd_sc_hd__o31a_1'
Circuit sky130_fd_sc_hd__o31a_1 contains 0 device instances.
Circuit contains 0 nets, and 9 disconnected pins.
Contents of circuit 2:  Circuit: 'sky130_fd_sc_hd__o31a_1'
Circuit sky130_fd_sc_hd__o31a_1 contains 0 device instances.
Circuit contains 0 nets.

Circuit sky130_fd_sc_hd__o31a_1 contains no devices.

Contents of circuit 1:  Circuit: 'sky130_fd_sc_hd__o211a_1'
Circuit sky130_fd_sc_hd__o211a_1 contains 0 device instances.
Circuit contains 0 nets, and 9 disconnected pins.
Contents of circuit 2:  Circuit: 'sky130_fd_sc_hd__o211a_1'
Circuit sky130_fd_sc_hd__o211a_1 contains 0 device instances.
Circuit contains 0 nets.

Circuit sky130_fd_sc_hd__o211a_1 contains no devices.

Contents of circuit 1:  Circuit: 'sky130_fd_sc_hd__xor2_1'
Circuit sky130_fd_sc_hd__xor2_1 contains 0 device instances.
Circuit contains 0 nets, and 7 disconnected pins.
Contents of circuit 2:  Circuit: 'sky130_fd_sc_hd__xor2_1'
Circuit sky130_fd_sc_hd__xor2_1 contains 0 device instances.
Circuit contains 0 nets.

Circuit sky130_fd_sc_hd__xor2_1 contains no devices.

Contents of circuit 1:  Circuit: 'sky130_fd_sc_hd__dfrtp_1'
Circuit sky130_fd_sc_hd__dfrtp_1 contains 0 device instances.
Circuit contains 0 nets, and 8 disconnected pins.
Contents of circuit 2:  Circuit: 'sky130_fd_sc_hd__dfrtp_1'
Circuit sky130_fd_sc_hd__dfrtp_1 contains 0 device instances.
Circuit contains 0 nets.

Circuit sky130_fd_sc_hd__dfrtp_1 contains no devices.

Contents of circuit 1:  Circuit: 'sky130_fd_sc_hd__nor3_1'
Circuit sky130_fd_sc_hd__nor3_1 contains 0 device instances.
Circuit contains 0 nets, and 8 disconnected pins.
Contents of circuit 2:  Circuit: 'sky130_fd_sc_hd__nor3_1'
Circuit sky130_fd_sc_hd__nor3_1 contains 0 device instances.
Circuit contains 0 nets.

Circuit sky130_fd_sc_hd__nor3_1 contains no devices.

Contents of circuit 1:  Circuit: 'sky130_fd_sc_hd__dlymetal6s2s_1'
Circuit sky130_fd_sc_hd__dlymetal6s2s_1 contains 0 device instances.
Circuit contains 0 nets, and 6 disconnected pins.
Contents of circuit 2:  Circuit: 'sky130_fd_sc_hd__dlymetal6s2s_1'
Circuit sky130_fd_sc_hd__dlymetal6s2s_1 contains 0 device instances.
Circuit contains 0 nets.

Circuit sky130_fd_sc_hd__dlymetal6s2s_1 contains no devices.

Contents of circuit 1:  Circuit: 'sky130_fd_sc_hd__a41o_1'
Circuit sky130_fd_sc_hd__a41o_1 contains 0 device instances.
Circuit contains 0 nets, and 10 disconnected pins.
Contents of circuit 2:  Circuit: 'sky130_fd_sc_hd__a41o_1'
Circuit sky130_fd_sc_hd__a41o_1 contains 0 device instances.
Circuit contains 0 nets.

Circuit sky130_fd_sc_hd__a41o_1 contains no devices.

Contents of circuit 1:  Circuit: 'sky130_fd_sc_hd__buf_4'
Circuit sky130_fd_sc_hd__buf_4 contains 0 device instances.
Circuit contains 0 nets, and 6 disconnected pins.
Contents of circuit 2:  Circuit: 'sky130_fd_sc_hd__buf_4'
Circuit sky130_fd_sc_hd__buf_4 contains 0 device instances.
Circuit contains 0 nets.

Circuit sky130_fd_sc_hd__buf_4 contains no devices.

Contents of circuit 1:  Circuit: 'sky130_fd_sc_hd__nand4b_1'
Circuit sky130_fd_sc_hd__nand4b_1 contains 0 device instances.
Circuit contains 0 nets, and 9 disconnected pins.
Contents of circuit 2:  Circuit: 'sky130_fd_sc_hd__nand4b_1'
Circuit sky130_fd_sc_hd__nand4b_1 contains 0 device instances.
Circuit contains 0 nets.

Circuit sky130_fd_sc_hd__nand4b_1 contains no devices.

Contents of circuit 1:  Circuit: 'sky130_fd_sc_hd__o41ai_1'
Circuit sky130_fd_sc_hd__o41ai_1 contains 0 device instances.
Circuit contains 0 nets, and 10 disconnected pins.
Contents of circuit 2:  Circuit: 'sky130_fd_sc_hd__o41ai_1'
Circuit sky130_fd_sc_hd__o41ai_1 contains 0 device instances.
Circuit contains 0 nets.

Circuit sky130_fd_sc_hd__o41ai_1 contains no devices.

Contents of circuit 1:  Circuit: 'sky130_fd_sc_hd__nand3b_1'
Circuit sky130_fd_sc_hd__nand3b_1 contains 0 device instances.
Circuit contains 0 nets, and 8 disconnected pins.
Contents of circuit 2:  Circuit: 'sky130_fd_sc_hd__nand3b_1'
Circuit sky130_fd_sc_hd__nand3b_1 contains 0 device instances.
Circuit contains 0 nets.

Circuit sky130_fd_sc_hd__nand3b_1 contains no devices.

Contents of circuit 1:  Circuit: 'sky130_fd_sc_hd__a211o_1'
Circuit sky130_fd_sc_hd__a211o_1 contains 0 device instances.
Circuit contains 0 nets, and 9 disconnected pins.
Contents of circuit 2:  Circuit: 'sky130_fd_sc_hd__a211o_1'
Circuit sky130_fd_sc_hd__a211o_1 contains 0 device instances.
Circuit contains 0 nets.

Circuit sky130_fd_sc_hd__a211o_1 contains no devices.

Contents of circuit 1:  Circuit: 'sky130_fd_sc_hd__nor3b_2'
Circuit sky130_fd_sc_hd__nor3b_2 contains 0 device instances.
Circuit contains 0 nets, and 8 disconnected pins.
Contents of circuit 2:  Circuit: 'sky130_fd_sc_hd__nor3b_2'
Circuit sky130_fd_sc_hd__nor3b_2 contains 0 device instances.
Circuit contains 0 nets.

Circuit sky130_fd_sc_hd__nor3b_2 contains no devices.

Contents of circuit 1:  Circuit: 'sky130_fd_sc_hd__nor4b_1'
Circuit sky130_fd_sc_hd__nor4b_1 contains 0 device instances.
Circuit contains 0 nets, and 9 disconnected pins.
Contents of circuit 2:  Circuit: 'sky130_fd_sc_hd__nor4b_1'
Circuit sky130_fd_sc_hd__nor4b_1 contains 0 device instances.
Circuit contains 0 nets.

Circuit sky130_fd_sc_hd__nor4b_1 contains no devices.

Contents of circuit 1:  Circuit: 'sky130_fd_sc_hd__nor3_2'
Circuit sky130_fd_sc_hd__nor3_2 contains 0 device instances.
Circuit contains 0 nets, and 8 disconnected pins.
Contents of circuit 2:  Circuit: 'sky130_fd_sc_hd__nor3_2'
Circuit sky130_fd_sc_hd__nor3_2 contains 0 device instances.
Circuit contains 0 nets.

Circuit sky130_fd_sc_hd__nor3_2 contains no devices.

Contents of circuit 1:  Circuit: 'sky130_fd_sc_hd__and2b_1'
Circuit sky130_fd_sc_hd__and2b_1 contains 0 device instances.
Circuit contains 0 nets, and 7 disconnected pins.
Contents of circuit 2:  Circuit: 'sky130_fd_sc_hd__and2b_1'
Circuit sky130_fd_sc_hd__and2b_1 contains 0 device instances.
Circuit contains 0 nets.

Circuit sky130_fd_sc_hd__and2b_1 contains no devices.

Contents of circuit 1:  Circuit: 'sky130_fd_sc_hd__nand2b_2'
Circuit sky130_fd_sc_hd__nand2b_2 contains 0 device instances.
Circuit contains 0 nets, and 7 disconnected pins.
Contents of circuit 2:  Circuit: 'sky130_fd_sc_hd__nand2b_2'
Circuit sky130_fd_sc_hd__nand2b_2 contains 0 device instances.
Circuit contains 0 nets.

Circuit sky130_fd_sc_hd__nand2b_2 contains no devices.

Contents of circuit 1:  Circuit: 'sky130_fd_sc_hd__o41a_1'
Circuit sky130_fd_sc_hd__o41a_1 contains 0 device instances.
Circuit contains 0 nets, and 10 disconnected pins.
Contents of circuit 2:  Circuit: 'sky130_fd_sc_hd__o41a_1'
Circuit sky130_fd_sc_hd__o41a_1 contains 0 device instances.
Circuit contains 0 nets.

Circuit sky130_fd_sc_hd__o41a_1 contains no devices.

Contents of circuit 1:  Circuit: 'sky130_fd_sc_hd__and4bb_1'
Circuit sky130_fd_sc_hd__and4bb_1 contains 0 device instances.
Circuit contains 0 nets, and 9 disconnected pins.
Contents of circuit 2:  Circuit: 'sky130_fd_sc_hd__and4bb_1'
Circuit sky130_fd_sc_hd__and4bb_1 contains 0 device instances.
Circuit contains 0 nets.

Circuit sky130_fd_sc_hd__and4bb_1 contains no devices.

Contents of circuit 1:  Circuit: 'sky130_fd_sc_hd__dfrtp_2'
Circuit sky130_fd_sc_hd__dfrtp_2 contains 0 device instances.
Circuit contains 0 nets, and 8 disconnected pins.
Contents of circuit 2:  Circuit: 'sky130_fd_sc_hd__dfrtp_2'
Circuit sky130_fd_sc_hd__dfrtp_2 contains 0 device instances.
Circuit contains 0 nets.

Circuit sky130_fd_sc_hd__dfrtp_2 contains no devices.

Contents of circuit 1:  Circuit: 'cpu_axi_top'
Circuit cpu_axi_top contains 78407 device instances.
  Class: sky130_fd_sc_hd__bufinv_16 instances:   1
  Class: sky130_fd_sc_hd__a41o_1 instances:   1
  Class: sky130_fd_sc_hd__a31o_1 instances:   5
  Class: sky130_fd_sc_hd__clkbuf_16 instances:   5
  Class: sky130_fd_sc_hd__a32oi_1 instances:   1
  Class: sky130_fd_sc_hd__o31ai_1 instances:   2
  Class: sky130_fd_sc_hd__a31oi_1 instances:   5
  Class: sky130_fd_sc_hd__buf_1 instances:   6
  Class: sky130_fd_sc_hd__nand4_1 instances:  10
  Class: sky130_fd_sc_hd__nand4_2 instances:   7
  Class: sky130_fd_sc_hd__buf_2 instances:  29
  Class: sky130_fd_sc_hd__buf_4 instances:   2
  Class: sky130_fd_sc_hd__nand4_4 instances:   2
  Class: sky130_fd_sc_hd__xor2_1 instances:   1
  Class: sky130_ef_sc_hd__decap_12 instances: 44111
  Class: sky130_fd_sc_hd__dfrtp_1 instances:  10
  Class: sky130_fd_sc_hd__dfrtp_2 instances:   1
  Class: sky130_fd_sc_hd__dfrtp_4 instances:  28
  Class: sky130_fd_sc_hd__and4_1 instances:   8
  Class: sky130_fd_sc_hd__inv_2 instances:  47
  Class: sky130_fd_sc_hd__clkbuf_1 instances:   3
  Class: sky130_fd_sc_hd__clkbuf_2 instances:  13
  Class: sky130_fd_sc_hd__clkbuf_4 instances:  10
  Class: sky130_fd_sc_hd__nand3_1 instances:   5
  Class: sky130_fd_sc_hd__o21ba_1 instances:   2
  Class: sky130_fd_sc_hd__and2b_1 instances:   1
  Class: sky130_fd_sc_hd__conb_1 instances: 130
  Class: sky130_fd_sc_hd__nand4b_1 instances:   2
  Class: sky130_fd_sc_hd__clkinv_1 instances:   1
  Class: sky130_fd_sc_hd__and3_1 instances:   4
  Class: sky130_fd_sc_hd__decap_3 instances: 810
  Class: sky130_fd_sc_hd__decap_4 instances: 372
  Class: sky130_fd_sc_hd__decap_6 instances: 10495
  Class: sky130_fd_sc_hd__decap_8 instances: 113
  Class: sky130_fd_sc_hd__dlygate4sd3_1 instances:  12
  Class: sky130_fd_sc_hd__or2_1 instances:   2
  Class: sky130_fd_sc_hd__nand2_1 instances:  13
  Class: sky130_fd_sc_hd__nor4b_1 instances:   1
  Class: sky130_fd_sc_hd__nand3b_1 instances:   1
  Class: sky130_fd_sc_hd__mux2_1 instances:   1
  Class: sky130_fd_sc_hd__and2_1 instances:   4
  Class: sky130_fd_sc_hd__clkinvlp_2 instances:   1
  Class: sky130_fd_sc_hd__nor4_1 instances:   4
  Class: sky130_fd_sc_hd__xnor2_1 instances:   2
  Class: sky130_fd_sc_hd__nor3b_1 instances:   1
  Class: sky130_fd_sc_hd__nor3b_2 instances:   1
  Class: sky130_fd_sc_hd__o21bai_1 instances:   3
  Class: sky130_fd_sc_hd__o211a_1 instances:   2
  Class: sky130_fd_sc_hd__nand2b_2 instances:   1
  Class: sky130_fd_sc_hd__diode_2 instances:  21
  Class: sky130_fd_sc_hd__a211o_1 instances:   1
  Class: sky130_fd_sc_hd__dlymetal6s2s_1 instances:   5
  Class: sky130_fd_sc_hd__nor3_1 instances:   3
  Class: sky130_fd_sc_hd__nor3_2 instances:   1
  Class: sky130_fd_sc_hd__o41a_1 instances:   1
  Class: sky130_fd_sc_hd__o31a_1 instances:   4
  Class: sky130_fd_sc_hd__o21a_1 instances:   4
  Class: sky130_fd_sc_hd__o41ai_1 instances:   2
  Class: sky130_fd_sc_hd__a41oi_1 instances:   6
  Class: sky130_fd_sc_hd__a22oi_1 instances:   1
  Class: sky130_fd_sc_hd__o21ai_1 instances:   4
  Class: sky130_fd_sc_hd__tapvpwrvgnd_1 instances: 11016
  Class: sky130_fd_sc_hd__a21oi_1 instances:   7
  Class: sky130_fd_sc_hd__fill_1 instances: 10893
  Class: sky130_fd_sc_hd__fill_2 instances: 128
  Class: sky130_fd_sc_hd__or2b_1 instances:   4
  Class: sky130_fd_sc_hd__and4bb_1 instances:   1
  Class: sky130_fd_sc_hd__nor2_1 instances:  11
  Class: sky130_fd_sc_hd__nor2_2 instances:   2
Circuit contains 582 nets.
Contents of circuit 2:  Circuit: 'cpu_axi_top'
Circuit cpu_axi_top contains 78407 device instances.
  Class: sky130_fd_sc_hd__bufinv_16 instances:   1
  Class: sky130_fd_sc_hd__a41o_1 instances:   1
  Class: sky130_fd_sc_hd__a31o_1 instances:   5
  Class: sky130_fd_sc_hd__clkbuf_16 instances:   5
  Class: sky130_fd_sc_hd__a32oi_1 instances:   1
  Class: sky130_fd_sc_hd__o31ai_1 instances:   2
  Class: sky130_fd_sc_hd__a31oi_1 instances:   5
  Class: sky130_fd_sc_hd__nand4_1 instances:  10
  Class: sky130_fd_sc_hd__buf_1 instances:   6
  Class: sky130_fd_sc_hd__nand4_2 instances:   7
  Class: sky130_fd_sc_hd__buf_2 instances:  29
  Class: sky130_fd_sc_hd__buf_4 instances:   2
  Class: sky130_fd_sc_hd__nand4_4 instances:   2
  Class: sky130_fd_sc_hd__xor2_1 instances:   1
  Class: sky130_ef_sc_hd__decap_12 instances: 44111
  Class: sky130_fd_sc_hd__dfrtp_1 instances:  10
  Class: sky130_fd_sc_hd__dfrtp_2 instances:   1
  Class: sky130_fd_sc_hd__dfrtp_4 instances:  28
  Class: sky130_fd_sc_hd__and4_1 instances:   8
  Class: sky130_fd_sc_hd__inv_2 instances:  47
  Class: sky130_fd_sc_hd__clkbuf_1 instances:   3
  Class: sky130_fd_sc_hd__clkbuf_2 instances:  13
  Class: sky130_fd_sc_hd__clkbuf_4 instances:  10
  Class: sky130_fd_sc_hd__nand3_1 instances:   5
  Class: sky130_fd_sc_hd__o21ba_1 instances:   2
  Class: sky130_fd_sc_hd__and2b_1 instances:   1
  Class: sky130_fd_sc_hd__conb_1 instances: 130
  Class: sky130_fd_sc_hd__nand4b_1 instances:   2
  Class: sky130_fd_sc_hd__clkinv_1 instances:   1
  Class: sky130_fd_sc_hd__and3_1 instances:   4
  Class: sky130_fd_sc_hd__decap_3 instances: 810
  Class: sky130_fd_sc_hd__decap_4 instances: 372
  Class: sky130_fd_sc_hd__decap_6 instances: 10495
  Class: sky130_fd_sc_hd__decap_8 instances: 113
  Class: sky130_fd_sc_hd__dlygate4sd3_1 instances:  12
  Class: sky130_fd_sc_hd__or2_1 instances:   2
  Class: sky130_fd_sc_hd__nand2_1 instances:  13
  Class: sky130_fd_sc_hd__nor4b_1 instances:   1
  Class: sky130_fd_sc_hd__nand3b_1 instances:   1
  Class: sky130_fd_sc_hd__mux2_1 instances:   1
  Class: sky130_fd_sc_hd__and2_1 instances:   4
  Class: sky130_fd_sc_hd__clkinvlp_2 instances:   1
  Class: sky130_fd_sc_hd__nor4_1 instances:   4
  Class: sky130_fd_sc_hd__xnor2_1 instances:   2
  Class: sky130_fd_sc_hd__nor3b_1 instances:   1
  Class: sky130_fd_sc_hd__nor3b_2 instances:   1
  Class: sky130_fd_sc_hd__o21bai_1 instances:   3
  Class: sky130_fd_sc_hd__o211a_1 instances:   2
  Class: sky130_fd_sc_hd__nand2b_2 instances:   1
  Class: sky130_fd_sc_hd__diode_2 instances:  21
  Class: sky130_fd_sc_hd__a211o_1 instances:   1
  Class: sky130_fd_sc_hd__dlymetal6s2s_1 instances:   5
  Class: sky130_fd_sc_hd__nor3_1 instances:   3
  Class: sky130_fd_sc_hd__nor3_2 instances:   1
  Class: sky130_fd_sc_hd__o41a_1 instances:   1
  Class: sky130_fd_sc_hd__o31a_1 instances:   4
  Class: sky130_fd_sc_hd__o21a_1 instances:   4
  Class: sky130_fd_sc_hd__o41ai_1 instances:   2
  Class: sky130_fd_sc_hd__a41oi_1 instances:   6
  Class: sky130_fd_sc_hd__a22oi_1 instances:   1
  Class: sky130_fd_sc_hd__o21ai_1 instances:   4
  Class: sky130_fd_sc_hd__tapvpwrvgnd_1 instances: 11016
  Class: sky130_fd_sc_hd__a21oi_1 instances:   7
  Class: sky130_fd_sc_hd__fill_1 instances: 10893
  Class: sky130_fd_sc_hd__fill_2 instances: 128
  Class: sky130_fd_sc_hd__or2b_1 instances:   4
  Class: sky130_fd_sc_hd__and4bb_1 instances:   1
  Class: sky130_fd_sc_hd__nor2_1 instances:  11
  Class: sky130_fd_sc_hd__nor2_2 instances:   2
Circuit contains 582 nets.

Circuit was modified by parallel/series device merging.
New circuit summary:

Contents of circuit 1:  Circuit: 'cpu_axi_top'
Circuit cpu_axi_top contains 468 device instances.
  Class: sky130_fd_sc_hd__bufinv_16 instances:   1
  Class: sky130_fd_sc_hd__a41o_1 instances:   1
  Class: sky130_fd_sc_hd__a31o_1 instances:   5
  Class: sky130_fd_sc_hd__clkbuf_16 instances:   5
  Class: sky130_fd_sc_hd__a32oi_1 instances:   1
  Class: sky130_fd_sc_hd__o31ai_1 instances:   2
  Class: sky130_fd_sc_hd__a31oi_1 instances:   5
  Class: sky130_fd_sc_hd__buf_1 instances:   6
  Class: sky130_fd_sc_hd__nand4_1 instances:  10
  Class: sky130_fd_sc_hd__nand4_2 instances:   7
  Class: sky130_fd_sc_hd__buf_2 instances:  29
  Class: sky130_fd_sc_hd__buf_4 instances:   2
  Class: sky130_fd_sc_hd__nand4_4 instances:   2
  Class: sky130_fd_sc_hd__xor2_1 instances:   1
  Class: sky130_ef_sc_hd__decap_12 instances:   1
  Class: sky130_fd_sc_hd__dfrtp_1 instances:  10
  Class: sky130_fd_sc_hd__dfrtp_2 instances:   1
  Class: sky130_fd_sc_hd__dfrtp_4 instances:  28
  Class: sky130_fd_sc_hd__and4_1 instances:   8
  Class: sky130_fd_sc_hd__inv_2 instances:  47
  Class: sky130_fd_sc_hd__clkbuf_1 instances:   3
  Class: sky130_fd_sc_hd__clkbuf_2 instances:  13
  Class: sky130_fd_sc_hd__clkbuf_4 instances:  10
  Class: sky130_fd_sc_hd__nand3_1 instances:   5
  Class: sky130_fd_sc_hd__o21ba_1 instances:   2
  Class: sky130_fd_sc_hd__and2b_1 instances:   1
  Class: sky130_fd_sc_hd__conb_1 instances: 130
  Class: sky130_fd_sc_hd__nand4b_1 instances:   2
  Class: sky130_fd_sc_hd__clkinv_1 instances:   1
  Class: sky130_fd_sc_hd__and3_1 instances:   4
  Class: sky130_fd_sc_hd__decap_3 instances:   1
  Class: sky130_fd_sc_hd__decap_4 instances:   1
  Class: sky130_fd_sc_hd__decap_6 instances:   1
  Class: sky130_fd_sc_hd__decap_8 instances:   1
  Class: sky130_fd_sc_hd__dlygate4sd3_1 instances:  12
  Class: sky130_fd_sc_hd__or2_1 instances:   2
  Class: sky130_fd_sc_hd__nand2_1 instances:  13
  Class: sky130_fd_sc_hd__nor4b_1 instances:   1
  Class: sky130_fd_sc_hd__nand3b_1 instances:   1
  Class: sky130_fd_sc_hd__mux2_1 instances:   1
  Class: sky130_fd_sc_hd__and2_1 instances:   4
  Class: sky130_fd_sc_hd__clkinvlp_2 instances:   1
  Class: sky130_fd_sc_hd__nor4_1 instances:   4
  Class: sky130_fd_sc_hd__xnor2_1 instances:   2
  Class: sky130_fd_sc_hd__nor3b_1 instances:   1
  Class: sky130_fd_sc_hd__nor3b_2 instances:   1
  Class: sky130_fd_sc_hd__o21bai_1 instances:   3
  Class: sky130_fd_sc_hd__o211a_1 instances:   2
  Class: sky130_fd_sc_hd__nand2b_2 instances:   1
  Class: sky130_fd_sc_hd__diode_2 instances:  12
  Class: sky130_fd_sc_hd__a211o_1 instances:   1
  Class: sky130_fd_sc_hd__dlymetal6s2s_1 instances:   5
  Class: sky130_fd_sc_hd__nor3_1 instances:   3
  Class: sky130_fd_sc_hd__nor3_2 instances:   1
  Class: sky130_fd_sc_hd__o41a_1 instances:   1
  Class: sky130_fd_sc_hd__o31a_1 instances:   4
  Class: sky130_fd_sc_hd__o21a_1 instances:   4
  Class: sky130_fd_sc_hd__o41ai_1 instances:   2
  Class: sky130_fd_sc_hd__a41oi_1 instances:   6
  Class: sky130_fd_sc_hd__a22oi_1 instances:   1
  Class: sky130_fd_sc_hd__o21ai_1 instances:   4
  Class: sky130_fd_sc_hd__tapvpwrvgnd_1 instances:   1
  Class: sky130_fd_sc_hd__a21oi_1 instances:   7
  Class: sky130_fd_sc_hd__fill_1 instances:   1
  Class: sky130_fd_sc_hd__fill_2 instances:   1
  Class: sky130_fd_sc_hd__or2b_1 instances:   4
  Class: sky130_fd_sc_hd__and4bb_1 instances:   1
  Class: sky130_fd_sc_hd__nor2_1 instances:  11
  Class: sky130_fd_sc_hd__nor2_2 instances:   2
Circuit contains 582 nets.
Contents of circuit 2:  Circuit: 'cpu_axi_top'
Circuit cpu_axi_top contains 468 device instances.
  Class: sky130_fd_sc_hd__bufinv_16 instances:   1
  Class: sky130_fd_sc_hd__a41o_1 instances:   1
  Class: sky130_fd_sc_hd__a31o_1 instances:   5
  Class: sky130_fd_sc_hd__clkbuf_16 instances:   5
  Class: sky130_fd_sc_hd__a32oi_1 instances:   1
  Class: sky130_fd_sc_hd__o31ai_1 instances:   2
  Class: sky130_fd_sc_hd__a31oi_1 instances:   5
  Class: sky130_fd_sc_hd__nand4_1 instances:  10
  Class: sky130_fd_sc_hd__buf_1 instances:   6
  Class: sky130_fd_sc_hd__nand4_2 instances:   7
  Class: sky130_fd_sc_hd__buf_2 instances:  29
  Class: sky130_fd_sc_hd__buf_4 instances:   2
  Class: sky130_fd_sc_hd__nand4_4 instances:   2
  Class: sky130_fd_sc_hd__xor2_1 instances:   1
  Class: sky130_ef_sc_hd__decap_12 instances:   1
  Class: sky130_fd_sc_hd__dfrtp_1 instances:  10
  Class: sky130_fd_sc_hd__dfrtp_2 instances:   1
  Class: sky130_fd_sc_hd__dfrtp_4 instances:  28
  Class: sky130_fd_sc_hd__and4_1 instances:   8
  Class: sky130_fd_sc_hd__inv_2 instances:  47
  Class: sky130_fd_sc_hd__clkbuf_1 instances:   3
  Class: sky130_fd_sc_hd__clkbuf_2 instances:  13
  Class: sky130_fd_sc_hd__clkbuf_4 instances:  10
  Class: sky130_fd_sc_hd__nand3_1 instances:   5
  Class: sky130_fd_sc_hd__o21ba_1 instances:   2
  Class: sky130_fd_sc_hd__and2b_1 instances:   1
  Class: sky130_fd_sc_hd__conb_1 instances: 130
  Class: sky130_fd_sc_hd__nand4b_1 instances:   2
  Class: sky130_fd_sc_hd__clkinv_1 instances:   1
  Class: sky130_fd_sc_hd__and3_1 instances:   4
  Class: sky130_fd_sc_hd__decap_3 instances:   1
  Class: sky130_fd_sc_hd__decap_4 instances:   1
  Class: sky130_fd_sc_hd__decap_6 instances:   1
  Class: sky130_fd_sc_hd__decap_8 instances:   1
  Class: sky130_fd_sc_hd__dlygate4sd3_1 instances:  12
  Class: sky130_fd_sc_hd__or2_1 instances:   2
  Class: sky130_fd_sc_hd__nand2_1 instances:  13
  Class: sky130_fd_sc_hd__nor4b_1 instances:   1
  Class: sky130_fd_sc_hd__nand3b_1 instances:   1
  Class: sky130_fd_sc_hd__mux2_1 instances:   1
  Class: sky130_fd_sc_hd__and2_1 instances:   4
  Class: sky130_fd_sc_hd__clkinvlp_2 instances:   1
  Class: sky130_fd_sc_hd__nor4_1 instances:   4
  Class: sky130_fd_sc_hd__xnor2_1 instances:   2
  Class: sky130_fd_sc_hd__nor3b_1 instances:   1
  Class: sky130_fd_sc_hd__nor3b_2 instances:   1
  Class: sky130_fd_sc_hd__o21bai_1 instances:   3
  Class: sky130_fd_sc_hd__o211a_1 instances:   2
  Class: sky130_fd_sc_hd__nand2b_2 instances:   1
  Class: sky130_fd_sc_hd__diode_2 instances:  12
  Class: sky130_fd_sc_hd__a211o_1 instances:   1
  Class: sky130_fd_sc_hd__dlymetal6s2s_1 instances:   5
  Class: sky130_fd_sc_hd__nor3_1 instances:   3
  Class: sky130_fd_sc_hd__nor3_2 instances:   1
  Class: sky130_fd_sc_hd__o41a_1 instances:   1
  Class: sky130_fd_sc_hd__o31a_1 instances:   4
  Class: sky130_fd_sc_hd__o21a_1 instances:   4
  Class: sky130_fd_sc_hd__o41ai_1 instances:   2
  Class: sky130_fd_sc_hd__a41oi_1 instances:   6
  Class: sky130_fd_sc_hd__a22oi_1 instances:   1
  Class: sky130_fd_sc_hd__o21ai_1 instances:   4
  Class: sky130_fd_sc_hd__tapvpwrvgnd_1 instances:   1
  Class: sky130_fd_sc_hd__a21oi_1 instances:   7
  Class: sky130_fd_sc_hd__fill_1 instances:   1
  Class: sky130_fd_sc_hd__fill_2 instances:   1
  Class: sky130_fd_sc_hd__or2b_1 instances:   4
  Class: sky130_fd_sc_hd__and4bb_1 instances:   1
  Class: sky130_fd_sc_hd__nor2_1 instances:  11
  Class: sky130_fd_sc_hd__nor2_2 instances:   2
Circuit contains 582 nets.

Circuit 1 contains 468 devices, Circuit 2 contains 468 devices.
Circuit 1 contains 582 nets,    Circuit 2 contains 582 nets.


Final result: 
Circuits match uniquely.
.
Logging to file "/openlane/designs/astracore_soc/runs/fourth_run/logs/signoff/41-cpu_axi_top.lef.lvs.log" disabled
LVS Done.
